<?xml version="1.0" encoding="UTF-8"?>
<robot generator="Robot 7.1 (Python 3.12.6 on win32)" generated="2024-11-02T00:02:15.585293" rpa="false" schemaversion="5">
<suite id="s1" name="company EditarEndereco" source="C:\Users\João Luz\Desktop\documentos\automacoes-QA\study\Qa.Coders_Academy\RobotTestsAPI\tests\company_EditarEndereco.robot">
<test id="s1-t1" name="[CT01] Buscar empresa para edição dos dados de endereço e validar se os campos obrigatórios já estão preenchidos" line="10">
<kw name="Editar Endereco Empresa" owner="company_keywords">
<kw name="Login E Armazenar Token" owner="company_keywords">
<kw name="Create Session" owner="RequestsLibrary">
<msg time="2024-11-02T00:02:16.528717" level="INFO">Creating Session using : alias=NewSession, url=https://ron-bugado.qacoders.dev.br, headers={},                     cookies={}, auth=None, timeout=None, proxies=None, verify=True,                     debug=0 </msg>
<arg>NewSession</arg>
<arg>${baseURL}</arg>
<arg>verify=true</arg>
<doc>Create Session: create a HTTP session to a server</doc>
<status status="PASS" start="2024-11-02T00:02:16.528717" elapsed="0.000000"/>
</kw>
<kw name="Create Dictionary" owner="BuiltIn">
<msg time="2024-11-02T00:02:16.528717" level="INFO">${headers} = {'accept': 'application/json', 'Content-Type': 'application/json'}</msg>
<var>${headers}</var>
<arg>accept=application/json</arg>
<arg>Content-Type=application/json</arg>
<doc>Creates and returns a dictionary based on the given ``items``.</doc>
<status status="PASS" start="2024-11-02T00:02:16.528717" elapsed="0.000000"/>
</kw>
<kw name="Create Dictionary" owner="BuiltIn">
<msg time="2024-11-02T00:02:16.544345" level="INFO">${body} = {'mail': 'sysadmin@qacoders.com', 'password': '1234@Test'}</msg>
<var>${body}</var>
<arg>mail=sysadmin@qacoders.com</arg>
<arg>password=1234@Test</arg>
<doc>Creates and returns a dictionary based on the given ``items``.</doc>
<status status="PASS" start="2024-11-02T00:02:16.544345" elapsed="0.000000"/>
</kw>
<kw name="Post Request" owner="RequestsLibrary">
<msg time="2024-11-02T00:02:16.544345" level="WARN">Keyword 'RequestsLibrary.Post Request' is deprecated. Please use `POST On Session` instead.</msg>
<msg time="2024-11-02T00:02:16.717173" level="INFO">POST Request : url=https://ron-bugado.qacoders.dev.br/api/login 
 path_url=/api/login 
 headers={'User-Agent': 'python-requests/2.32.3', 'Accept-Encoding': 'gzip, deflate', 'accept': 'application/json', 'Connection': 'keep-alive', 'Content-Type': 'application/json', 'Content-Length': '58'} 
 body=b'{"mail": "sysadmin@qacoders.com", "password": "1234@Test"}' 
 </msg>
<msg time="2024-11-02T00:02:16.717173" level="INFO">POST Response : url=https://ron-bugado.qacoders.dev.br/api/login 
 status=200, reason=OK 
 headers={'Server': 'nginx/1.18.0 (Ubuntu)', 'Date': 'Sat, 02 Nov 2024 03:02:06 GMT', 'Content-Type': 'application/json; charset=utf-8', 'Transfer-Encoding': 'chunked', 'Connection': 'keep-alive', 'X-Powered-By': 'Express', 'Access-Control-Allow-Origin': '*', 'Access-Control-Allow-Methods': 'GET, POST, OPTIONS, PUT, PATCH, DELETE', 'Access-Control-Allow-Headers': 'Origin, X-Requested-With, Content-Type, Accept, Authorization', 'ETag': 'W/"534-aoJCsU68YXc+zLCqhZohsOdmFDI"', 'Content-Encoding': 'gzip'} 
 body={"msg":"Olá Qa-Coders-SYSADMIN, autenticação autorizada com sucesso!","user":{"_id":"66db5d841df554150e6d64bd","fullName":"Qa-Coders-SYSADMIN","mail":"sysadmin@qacoders.com","password":"$2b$10$u4g0bo599EkQ8DfRxl8lyOO8bh6yByrFUa7i9p5t7jrpIEiLz32L.","accessProfile":"SYSADMIN","cpf":"11111111111","status":true,"audit":[{"registeredBy":{"userId":"111111111111111111","userLogin":"sysadmin@qacoders.com"},"registrationDate":"sexta-feira, 06/09/2024, 16:52:36 BRT","registrationNumber":"01","companyId":"Qa.Coders","_id":"66db5d841df554150e6d64be"}],"__v":0},"token":"eyJhbGciOiJIUzI1NiIsInR5cCI6IkpXVCJ9.eyJfaWQiOiI2NmRiNWQ4NDFkZjU1NDE1MGU2ZDY0YmQiLCJmdWxsTmFtZSI6IlFhLUNvZGVycy1TWVNBRE1JTiIsIm1haWwiOiJzeXNhZG1pbkBxYWNvZGVycy5jb20iLCJwYXNzd29yZCI6IiQyYiQxMCR1NGcwYm81OTlFa1E4RGZSeGw4bHlPTzhiaDZ5QnlyRlVhN2k5cDV0N2pycElFaUx6MzJMLiIsImFjY2Vzc1Byb2ZpbGUiOiJTWVNBRE1JTiIsImNwZiI6IjExMTExMTExMTExIiwic3RhdHVzIjp0cnVlLCJhdWRpdCI6W3sicmVnaXN0ZXJlZEJ5Ijp7InVzZXJJZCI6IjExMTExMTExMTExMTExMTExMSIsInVzZXJMb2dpbiI6InN5c2FkbWluQHFhY29kZXJzLmNvbSJ9LCJyZWdpc3RyYXRpb25EYXRlIjoic2V4dGEtZmVpcmEsIDA2LzA5LzIwMjQsIDE2OjUyOjM2IEJSVCIsInJlZ2lzdHJhdGlvbk51bWJlciI6IjAxIiwiY29tcGFueUlkIjoiUWEuQ29kZXJzIiwiX2lkIjoiNjZkYjVkODQxZGY1NTQxNTBlNmQ2NGJlIn1dLCJfX3YiOjAsImlhdCI6MTczMDUxNjUyNiwiZXhwIjoxNzMwNjAyOTI2fQ.6rvUeGNFsrMMGMV_uxPcf6GIiER5E79De_Em3jvfgP0"} 
 </msg>
<msg time="2024-11-02T00:02:16.717173" level="INFO">${response} = &lt;Response [200]&gt;</msg>
<var>${response}</var>
<arg>NewSession</arg>
<arg>/api/login</arg>
<arg>json=${body}</arg>
<arg>headers=${headers}</arg>
<doc>*DEPRECATED* Please use `POST On Session` instead.</doc>
<status status="PASS" start="2024-11-02T00:02:16.544345" elapsed="0.172828"/>
</kw>
<kw name="Log" owner="BuiltIn">
<msg time="2024-11-02T00:02:16.717173" level="INFO">{'msg': 'Olá Qa-Coders-SYSADMIN, autenticação autorizada com sucesso!', 'user': {'_id': '66db5d841df554150e6d64bd', 'fullName': 'Qa-Coders-SYSADMIN', 'mail': 'sysadmin@qacoders.com', 'password': '$2b$10$u4g0bo599EkQ8DfRxl8lyOO8bh6yByrFUa7i9p5t7jrpIEiLz32L.', 'accessProfile': 'SYSADMIN', 'cpf': '11111111111', 'status': True, 'audit': [{'registeredBy': {'userId': '111111111111111111', 'userLogin': 'sysadmin@qacoders.com'}, 'registrationDate': 'sexta-feira, 06/09/2024, 16:52:36 BRT', 'registrationNumber': '01', 'companyId': 'Qa.Coders', '_id': '66db5d841df554150e6d64be'}], '__v': 0}, 'token': 'eyJhbGciOiJIUzI1NiIsInR5cCI6IkpXVCJ9.eyJfaWQiOiI2NmRiNWQ4NDFkZjU1NDE1MGU2ZDY0YmQiLCJmdWxsTmFtZSI6IlFhLUNvZGVycy1TWVNBRE1JTiIsIm1haWwiOiJzeXNhZG1pbkBxYWNvZGVycy5jb20iLCJwYXNzd29yZCI6IiQyYiQxMCR1NGcwYm81OTlFa1E4RGZSeGw4bHlPTzhiaDZ5QnlyRlVhN2k5cDV0N2pycElFaUx6MzJMLiIsImFjY2Vzc1Byb2ZpbGUiOiJTWVNBRE1JTiIsImNwZiI6IjExMTExMTExMTExIiwic3RhdHVzIjp0cnVlLCJhdWRpdCI6W3sicmVnaXN0ZXJlZEJ5Ijp7InVzZXJJZCI6IjExMTExMTExMTExMTExMTExMSIsInVzZXJMb2dpbiI6InN5c2FkbWluQHFhY29kZXJzLmNvbSJ9LCJyZWdpc3RyYXRpb25EYXRlIjoic2V4dGEtZmVpcmEsIDA2LzA5LzIwMjQsIDE2OjUyOjM2IEJSVCIsInJlZ2lzdHJhdGlvbk51bWJlciI6IjAxIiwiY29tcGFueUlkIjoiUWEuQ29kZXJzIiwiX2lkIjoiNjZkYjVkODQxZGY1NTQxNTBlNmQ2NGJlIn1dLCJfX3YiOjAsImlhdCI6MTczMDUxNjUyNiwiZXhwIjoxNzMwNjAyOTI2fQ.6rvUeGNFsrMMGMV_uxPcf6GIiER5E79De_Em3jvfgP0'}</msg>
<arg>${response.json()}</arg>
<doc>Logs the given message with the given level.</doc>
<status status="PASS" start="2024-11-02T00:02:16.717173" elapsed="0.000000"/>
</kw>
<kw name="Should Be Equal As Numbers" owner="BuiltIn">
<msg time="2024-11-02T00:02:16.717173" level="INFO">Argument types are:
&lt;class 'int'&gt;
&lt;class 'str'&gt;</msg>
<arg>${response.status_code}</arg>
<arg>200</arg>
<doc>Fails if objects are unequal after converting them to real numbers.</doc>
<status status="PASS" start="2024-11-02T00:02:16.717173" elapsed="0.000000"/>
</kw>
<kw name="Set Global Variable" owner="BuiltIn">
<msg time="2024-11-02T00:02:16.717173" level="INFO">${TOKEN} = eyJhbGciOiJIUzI1NiIsInR5cCI6IkpXVCJ9.eyJfaWQiOiI2NmRiNWQ4NDFkZjU1NDE1MGU2ZDY0YmQiLCJmdWxsTmFtZSI6IlFhLUNvZGVycy1TWVNBRE1JTiIsIm1haWwiOiJzeXNhZG1pbkBxYWNvZGVycy5jb20iLCJwYXNzd29yZCI6IiQyYiQxMCR1NGcwYm8...</msg>
<arg>${TOKEN}</arg>
<arg>${response.json()['token']}</arg>
<doc>Makes a variable available globally in all tests and suites.</doc>
<status status="PASS" start="2024-11-02T00:02:16.717173" elapsed="0.000000"/>
</kw>
<kw name="Log" owner="BuiltIn">
<msg time="2024-11-02T00:02:16.717173" level="INFO">eyJhbGciOiJIUzI1NiIsInR5cCI6IkpXVCJ9.eyJfaWQiOiI2NmRiNWQ4NDFkZjU1NDE1MGU2ZDY0YmQiLCJmdWxsTmFtZSI6IlFhLUNvZGVycy1TWVNBRE1JTiIsIm1haWwiOiJzeXNhZG1pbkBxYWNvZGVycy5jb20iLCJwYXNzd29yZCI6IiQyYiQxMCR1NGcwYm81OTlFa1E4RGZSeGw4bHlPTzhiaDZ5QnlyRlVhN2k5cDV0N2pycElFaUx6MzJMLiIsImFjY2Vzc1Byb2ZpbGUiOiJTWVNBRE1JTiIsImNwZiI6IjExMTExMTExMTExIiwic3RhdHVzIjp0cnVlLCJhdWRpdCI6W3sicmVnaXN0ZXJlZEJ5Ijp7InVzZXJJZCI6IjExMTExMTExMTExMTExMTExMSIsInVzZXJMb2dpbiI6InN5c2FkbWluQHFhY29kZXJzLmNvbSJ9LCJyZWdpc3RyYXRpb25EYXRlIjoic2V4dGEtZmVpcmEsIDA2LzA5LzIwMjQsIDE2OjUyOjM2IEJSVCIsInJlZ2lzdHJhdGlvbk51bWJlciI6IjAxIiwiY29tcGFueUlkIjoiUWEuQ29kZXJzIiwiX2lkIjoiNjZkYjVkODQxZGY1NTQxNTBlNmQ2NGJlIn1dLCJfX3YiOjAsImlhdCI6MTczMDUxNjUyNiwiZXhwIjoxNzMwNjAyOTI2fQ.6rvUeGNFsrMMGMV_uxPcf6GIiER5E79De_Em3jvfgP0</msg>
<arg>${TOKEN}</arg>
<doc>Logs the given message with the given level.</doc>
<status status="PASS" start="2024-11-02T00:02:16.717173" elapsed="0.000000"/>
</kw>
<status status="PASS" start="2024-11-02T00:02:16.528717" elapsed="0.188456"/>
</kw>
<kw name="Create Session" owner="RequestsLibrary">
<msg time="2024-11-02T00:02:16.717173" level="INFO">Creating Session using : alias=NewSession, url=https://ron-bugado.qacoders.dev.br, headers={},                     cookies={}, auth=None, timeout=None, proxies=None, verify=True,                     debug=0 </msg>
<arg>NewSession</arg>
<arg>${baseURL}</arg>
<arg>verify=true</arg>
<doc>Create Session: create a HTTP session to a server</doc>
<status status="PASS" start="2024-11-02T00:02:16.717173" elapsed="0.000000"/>
</kw>
<kw name="Create Dictionary" owner="BuiltIn">
<msg time="2024-11-02T00:02:16.717173" level="INFO">${headers} = {'accept': 'application/json', 'Content-Type': 'application/json', 'Authorization': 'eyJhbGciOiJIUzI1NiIsInR5cCI6IkpXVCJ9.eyJfaWQiOiI2NmRiNWQ4NDFkZjU1NDE1MGU2ZDY0YmQiLCJmdWxsTmFtZSI6IlFhLUNvZGVycy1TWV...</msg>
<var>${headers}</var>
<arg>accept=application/json</arg>
<arg>Content-Type=application/json</arg>
<arg>Authorization=${TOKEN}</arg>
<doc>Creates and returns a dictionary based on the given ``items``.</doc>
<status status="PASS" start="2024-11-02T00:02:16.717173" elapsed="0.000000"/>
</kw>
<kw name="Create List" owner="BuiltIn">
<msg time="2024-11-02T00:02:16.717173" level="INFO">${address} = []</msg>
<var>${address}</var>
<doc>Returns a list containing given items.</doc>
<status status="PASS" start="2024-11-02T00:02:16.717173" elapsed="0.000000"/>
</kw>
<kw name="Create Dictionary" owner="BuiltIn">
<msg time="2024-11-02T00:02:16.717173" level="INFO">${address_dict} = {'zipCode': '04777001', 'city': 'São Paulo', 'state': 'SP', 'district': 'Rua das Flores', 'street': 'Avenida Interlagos', 'number': '5066666666', 'complement': 'de 4503 ao fim - lado ímpar', 'country'...</msg>
<var>${address_dict}</var>
<arg>zipCode=${zipCode}</arg>
<arg>city=${city}</arg>
<arg>state=${state}</arg>
<arg>district=${district}</arg>
<arg>street=${street}</arg>
<arg>number=${number}</arg>
<arg>complement=${complement}</arg>
<arg>country=${country}</arg>
<doc>Creates and returns a dictionary based on the given ``items``.</doc>
<status status="PASS" start="2024-11-02T00:02:16.717173" elapsed="0.000000"/>
</kw>
<kw name="Append To List" owner="Collections">
<arg>${address}</arg>
<arg>${address_dict}</arg>
<doc>Adds ``values`` to the end of ``list``.</doc>
<status status="PASS" start="2024-11-02T00:02:16.717173" elapsed="0.000000"/>
</kw>
<kw name="Create Dictionary" owner="BuiltIn">
<msg time="2024-11-02T00:02:16.717173" level="INFO">${body} = {'address': [{'zipCode': '04777001', 'city': 'São Paulo', 'state': 'SP', 'district': 'Rua das Flores', 'street': 'Avenida Interlagos', 'number': '5066666666', 'complement': 'de 4503 ao fim - lado ímpa...</msg>
<var>${body}</var>
<arg>address=${address}</arg>
<doc>Creates and returns a dictionary based on the given ``items``.</doc>
<status status="PASS" start="2024-11-02T00:02:16.717173" elapsed="0.000000"/>
</kw>
<kw name="Put Request" owner="RequestsLibrary">
<msg time="2024-11-02T00:02:16.717173" level="WARN">Keyword 'RequestsLibrary.Put Request' is deprecated. Please use `PUT On Session` instead.</msg>
<msg time="2024-11-02T00:02:16.771427" level="INFO">PUT Request : url=https://ron-bugado.qacoders.dev.br/api/company/address/67099960eed30dc911c580a0 
 path_url=/api/company/address/67099960eed30dc911c580a0 
 headers={'User-Agent': 'python-requests/2.32.3', 'Accept-Encoding': 'gzip, deflate', 'accept': 'application/json', 'Connection': 'keep-alive', 'Content-Type': 'application/json', 'Authorization': 'eyJhbGciOiJIUzI1NiIsInR5cCI6IkpXVCJ9.eyJfaWQiOiI2NmRiNWQ4NDFkZjU1NDE1MGU2ZDY0YmQiLCJmdWxsTmFtZSI6IlFhLUNvZGVycy1TWVNBRE1JTiIsIm1haWwiOiJzeXNhZG1pbkBxYWNvZGVycy5jb20iLCJwYXNzd29yZCI6IiQyYiQxMCR1NGcwYm81OTlFa1E4RGZSeGw4bHlPTzhiaDZ5QnlyRlVhN2k5cDV0N2pycElFaUx6MzJMLiIsImFjY2Vzc1Byb2ZpbGUiOiJTWVNBRE1JTiIsImNwZiI6IjExMTExMTExMTExIiwic3RhdHVzIjp0cnVlLCJhdWRpdCI6W3sicmVnaXN0ZXJlZEJ5Ijp7InVzZXJJZCI6IjExMTExMTExMTExMTExMTExMSIsInVzZXJMb2dpbiI6InN5c2FkbWluQHFhY29kZXJzLmNvbSJ9LCJyZWdpc3RyYXRpb25EYXRlIjoic2V4dGEtZmVpcmEsIDA2LzA5LzIwMjQsIDE2OjUyOjM2IEJSVCIsInJlZ2lzdHJhdGlvbk51bWJlciI6IjAxIiwiY29tcGFueUlkIjoiUWEuQ29kZXJzIiwiX2lkIjoiNjZkYjVkODQxZGY1NTQxNTBlNmQ2NGJlIn1dLCJfX3YiOjAsImlhdCI6MTczMDUxNjUyNiwiZXhwIjoxNzMwNjAyOTI2fQ.6rvUeGNFsrMMGMV_uxPcf6GIiER5E79De_Em3jvfgP0', 'Content-Length': '236'} 
 body=b'{"address": [{"zipCode": "04777001", "city": "S\\u00e3o Paulo", "state": "SP", "district": "Rua das Flores", "street": "Avenida Interlagos", "number": "5066666666", "complement": "de 4503 ao fim - lado \\u00edmpar", "country": "Brasil"}]}' 
 </msg>
<msg time="2024-11-02T00:02:16.771427" level="INFO">PUT Response : url=https://ron-bugado.qacoders.dev.br/api/company/address/67099960eed30dc911c580a0 
 status=201, reason=Created 
 headers={'Server': 'nginx/1.18.0 (Ubuntu)', 'Date': 'Sat, 02 Nov 2024 03:02:06 GMT', 'Content-Type': 'application/json; charset=utf-8', 'Content-Length': '781', 'Connection': 'keep-alive', 'X-Powered-By': 'Express', 'Access-Control-Allow-Origin': '*', 'Access-Control-Allow-Methods': 'GET, POST, OPTIONS, PUT, PATCH, DELETE', 'Access-Control-Allow-Headers': 'Origin, X-Requested-With, Content-Type, Accept, Authorization', 'ETag': 'W/"30d-mrxfowYhSAAYRL+9F57IZEPmWKY"'} 
 body={"msg":"Endereço da companhia atualizado com sucesso.","updateCompany":{"_id":"67099960eed30dc911c580a0","corporateName":"EMPRESA 1d4ieakgy9 LTDA","registerCompany":"57549023071719","responsibleContact":"Marcio","mail":"test@test.com","telephone":"99999999999999","serviceDescription":"Testes","matriz":"6x1qeiy5u2psrg","status":true,"address":[{"country":"Brasil","zipCode":"04777001","city":"São Paulo","state":"SP","district":"Rua das Flores","street":"Avenida Interlagos","number":"5066666666","complement":"de 4503 ao fim - lado ímpar","_id":"6725962e360709eca23d484a"}],"audit":[{"registeredBy":{"userId":"66db5d841df554150e6d64bd","userLogin":"sysadmin@qacoders.com"},"registrationDate":"sexta-feira, 11/10/2024, 18:32:16 BRT","_id":"67099960eed30dc911c580a2"}],"__v":0}} 
 </msg>
<msg time="2024-11-02T00:02:16.771427" level="INFO">${response} = &lt;Response [201]&gt;</msg>
<var>${response}</var>
<arg>NewSession</arg>
<arg>/api/company/address/67099960eed30dc911c580a0</arg>
<arg>json=${body}</arg>
<arg>headers=${headers}</arg>
<doc>*DEPRECATED* Please use `PUT On Session` instead.</doc>
<status status="PASS" start="2024-11-02T00:02:16.717173" elapsed="0.054254"/>
</kw>
<kw name="Log" owner="BuiltIn">
<msg time="2024-11-02T00:02:16.771427" level="INFO">{'msg': 'Endereço da companhia atualizado com sucesso.', 'updateCompany': {'_id': '67099960eed30dc911c580a0', 'corporateName': 'EMPRESA 1d4ieakgy9 LTDA', 'registerCompany': '57549023071719', 'responsibleContact': 'Marcio', 'mail': 'test@test.com', 'telephone': '99999999999999', 'serviceDescription': 'Testes', 'matriz': '6x1qeiy5u2psrg', 'status': True, 'address': [{'country': 'Brasil', 'zipCode': '04777001', 'city': 'São Paulo', 'state': 'SP', 'district': 'Rua das Flores', 'street': 'Avenida Interlagos', 'number': '5066666666', 'complement': 'de 4503 ao fim - lado ímpar', '_id': '6725962e360709eca23d484a'}], 'audit': [{'registeredBy': {'userId': '66db5d841df554150e6d64bd', 'userLogin': 'sysadmin@qacoders.com'}, 'registrationDate': 'sexta-feira, 11/10/2024, 18:32:16 BRT', '_id': '67099960eed30dc911c580a2'}], '__v': 0}}</msg>
<arg>${response.json()}</arg>
<doc>Logs the given message with the given level.</doc>
<status status="PASS" start="2024-11-02T00:02:16.771427" elapsed="0.000000"/>
</kw>
<kw name="Should Be Equal As Numbers" owner="BuiltIn">
<msg time="2024-11-02T00:02:16.771427" level="INFO">Argument types are:
&lt;class 'int'&gt;
&lt;class 'str'&gt;</msg>
<arg>${response.status_code}</arg>
<arg>201</arg>
<doc>Fails if objects are unequal after converting them to real numbers.</doc>
<status status="PASS" start="2024-11-02T00:02:16.771427" elapsed="0.000000"/>
</kw>
<arg>04777001</arg>
<arg>São Paulo</arg>
<arg>SP</arg>
<arg>Rua das Flores</arg>
<arg>Avenida Interlagos</arg>
<arg>5066666666</arg>
<arg>de 4503 ao fim - lado ímpar</arg>
<arg>Brasil</arg>
<status status="PASS" start="2024-11-02T00:02:16.528717" elapsed="0.242710"/>
</kw>
<status status="PASS" start="2024-11-02T00:02:16.528717" elapsed="0.242710"/>
</test>
<test id="s1-t2" name="[CT02] Editar todos os dados de endereço já cadastrado no sistema com dados válidos e enviar com sucesso (Caminho Feliz)" line="21">
<kw name="Editar Endereco Empresa" owner="company_keywords">
<kw name="Login E Armazenar Token" owner="company_keywords">
<kw name="Create Session" owner="RequestsLibrary">
<msg time="2024-11-02T00:02:16.771427" level="INFO">Creating Session using : alias=NewSession, url=https://ron-bugado.qacoders.dev.br, headers={},                     cookies={}, auth=None, timeout=None, proxies=None, verify=True,                     debug=0 </msg>
<arg>NewSession</arg>
<arg>${baseURL}</arg>
<arg>verify=true</arg>
<doc>Create Session: create a HTTP session to a server</doc>
<status status="PASS" start="2024-11-02T00:02:16.771427" elapsed="0.000000"/>
</kw>
<kw name="Create Dictionary" owner="BuiltIn">
<msg time="2024-11-02T00:02:16.771427" level="INFO">${headers} = {'accept': 'application/json', 'Content-Type': 'application/json'}</msg>
<var>${headers}</var>
<arg>accept=application/json</arg>
<arg>Content-Type=application/json</arg>
<doc>Creates and returns a dictionary based on the given ``items``.</doc>
<status status="PASS" start="2024-11-02T00:02:16.771427" elapsed="0.000000"/>
</kw>
<kw name="Create Dictionary" owner="BuiltIn">
<msg time="2024-11-02T00:02:16.771427" level="INFO">${body} = {'mail': 'sysadmin@qacoders.com', 'password': '1234@Test'}</msg>
<var>${body}</var>
<arg>mail=sysadmin@qacoders.com</arg>
<arg>password=1234@Test</arg>
<doc>Creates and returns a dictionary based on the given ``items``.</doc>
<status status="PASS" start="2024-11-02T00:02:16.771427" elapsed="0.000000"/>
</kw>
<kw name="Post Request" owner="RequestsLibrary">
<msg time="2024-11-02T00:02:16.771427" level="WARN">Keyword 'RequestsLibrary.Post Request' is deprecated. Please use `POST On Session` instead.</msg>
<msg time="2024-11-02T00:02:16.918050" level="INFO">POST Request : url=https://ron-bugado.qacoders.dev.br/api/login 
 path_url=/api/login 
 headers={'User-Agent': 'python-requests/2.32.3', 'Accept-Encoding': 'gzip, deflate', 'accept': 'application/json', 'Connection': 'keep-alive', 'Content-Type': 'application/json', 'Content-Length': '58'} 
 body=b'{"mail": "sysadmin@qacoders.com", "password": "1234@Test"}' 
 </msg>
<msg time="2024-11-02T00:02:16.918050" level="INFO">POST Response : url=https://ron-bugado.qacoders.dev.br/api/login 
 status=200, reason=OK 
 headers={'Server': 'nginx/1.18.0 (Ubuntu)', 'Date': 'Sat, 02 Nov 2024 03:02:06 GMT', 'Content-Type': 'application/json; charset=utf-8', 'Transfer-Encoding': 'chunked', 'Connection': 'keep-alive', 'X-Powered-By': 'Express', 'Access-Control-Allow-Origin': '*', 'Access-Control-Allow-Methods': 'GET, POST, OPTIONS, PUT, PATCH, DELETE', 'Access-Control-Allow-Headers': 'Origin, X-Requested-With, Content-Type, Accept, Authorization', 'ETag': 'W/"534-aoJCsU68YXc+zLCqhZohsOdmFDI"', 'Content-Encoding': 'gzip'} 
 body={"msg":"Olá Qa-Coders-SYSADMIN, autenticação autorizada com sucesso!","user":{"_id":"66db5d841df554150e6d64bd","fullName":"Qa-Coders-SYSADMIN","mail":"sysadmin@qacoders.com","password":"$2b$10$u4g0bo599EkQ8DfRxl8lyOO8bh6yByrFUa7i9p5t7jrpIEiLz32L.","accessProfile":"SYSADMIN","cpf":"11111111111","status":true,"audit":[{"registeredBy":{"userId":"111111111111111111","userLogin":"sysadmin@qacoders.com"},"registrationDate":"sexta-feira, 06/09/2024, 16:52:36 BRT","registrationNumber":"01","companyId":"Qa.Coders","_id":"66db5d841df554150e6d64be"}],"__v":0},"token":"eyJhbGciOiJIUzI1NiIsInR5cCI6IkpXVCJ9.eyJfaWQiOiI2NmRiNWQ4NDFkZjU1NDE1MGU2ZDY0YmQiLCJmdWxsTmFtZSI6IlFhLUNvZGVycy1TWVNBRE1JTiIsIm1haWwiOiJzeXNhZG1pbkBxYWNvZGVycy5jb20iLCJwYXNzd29yZCI6IiQyYiQxMCR1NGcwYm81OTlFa1E4RGZSeGw4bHlPTzhiaDZ5QnlyRlVhN2k5cDV0N2pycElFaUx6MzJMLiIsImFjY2Vzc1Byb2ZpbGUiOiJTWVNBRE1JTiIsImNwZiI6IjExMTExMTExMTExIiwic3RhdHVzIjp0cnVlLCJhdWRpdCI6W3sicmVnaXN0ZXJlZEJ5Ijp7InVzZXJJZCI6IjExMTExMTExMTExMTExMTExMSIsInVzZXJMb2dpbiI6InN5c2FkbWluQHFhY29kZXJzLmNvbSJ9LCJyZWdpc3RyYXRpb25EYXRlIjoic2V4dGEtZmVpcmEsIDA2LzA5LzIwMjQsIDE2OjUyOjM2IEJSVCIsInJlZ2lzdHJhdGlvbk51bWJlciI6IjAxIiwiY29tcGFueUlkIjoiUWEuQ29kZXJzIiwiX2lkIjoiNjZkYjVkODQxZGY1NTQxNTBlNmQ2NGJlIn1dLCJfX3YiOjAsImlhdCI6MTczMDUxNjUyNiwiZXhwIjoxNzMwNjAyOTI2fQ.6rvUeGNFsrMMGMV_uxPcf6GIiER5E79De_Em3jvfgP0"} 
 </msg>
<msg time="2024-11-02T00:02:16.918050" level="INFO">${response} = &lt;Response [200]&gt;</msg>
<var>${response}</var>
<arg>NewSession</arg>
<arg>/api/login</arg>
<arg>json=${body}</arg>
<arg>headers=${headers}</arg>
<doc>*DEPRECATED* Please use `POST On Session` instead.</doc>
<status status="PASS" start="2024-11-02T00:02:16.771427" elapsed="0.146623"/>
</kw>
<kw name="Log" owner="BuiltIn">
<msg time="2024-11-02T00:02:16.918050" level="INFO">{'msg': 'Olá Qa-Coders-SYSADMIN, autenticação autorizada com sucesso!', 'user': {'_id': '66db5d841df554150e6d64bd', 'fullName': 'Qa-Coders-SYSADMIN', 'mail': 'sysadmin@qacoders.com', 'password': '$2b$10$u4g0bo599EkQ8DfRxl8lyOO8bh6yByrFUa7i9p5t7jrpIEiLz32L.', 'accessProfile': 'SYSADMIN', 'cpf': '11111111111', 'status': True, 'audit': [{'registeredBy': {'userId': '111111111111111111', 'userLogin': 'sysadmin@qacoders.com'}, 'registrationDate': 'sexta-feira, 06/09/2024, 16:52:36 BRT', 'registrationNumber': '01', 'companyId': 'Qa.Coders', '_id': '66db5d841df554150e6d64be'}], '__v': 0}, 'token': 'eyJhbGciOiJIUzI1NiIsInR5cCI6IkpXVCJ9.eyJfaWQiOiI2NmRiNWQ4NDFkZjU1NDE1MGU2ZDY0YmQiLCJmdWxsTmFtZSI6IlFhLUNvZGVycy1TWVNBRE1JTiIsIm1haWwiOiJzeXNhZG1pbkBxYWNvZGVycy5jb20iLCJwYXNzd29yZCI6IiQyYiQxMCR1NGcwYm81OTlFa1E4RGZSeGw4bHlPTzhiaDZ5QnlyRlVhN2k5cDV0N2pycElFaUx6MzJMLiIsImFjY2Vzc1Byb2ZpbGUiOiJTWVNBRE1JTiIsImNwZiI6IjExMTExMTExMTExIiwic3RhdHVzIjp0cnVlLCJhdWRpdCI6W3sicmVnaXN0ZXJlZEJ5Ijp7InVzZXJJZCI6IjExMTExMTExMTExMTExMTExMSIsInVzZXJMb2dpbiI6InN5c2FkbWluQHFhY29kZXJzLmNvbSJ9LCJyZWdpc3RyYXRpb25EYXRlIjoic2V4dGEtZmVpcmEsIDA2LzA5LzIwMjQsIDE2OjUyOjM2IEJSVCIsInJlZ2lzdHJhdGlvbk51bWJlciI6IjAxIiwiY29tcGFueUlkIjoiUWEuQ29kZXJzIiwiX2lkIjoiNjZkYjVkODQxZGY1NTQxNTBlNmQ2NGJlIn1dLCJfX3YiOjAsImlhdCI6MTczMDUxNjUyNiwiZXhwIjoxNzMwNjAyOTI2fQ.6rvUeGNFsrMMGMV_uxPcf6GIiER5E79De_Em3jvfgP0'}</msg>
<arg>${response.json()}</arg>
<doc>Logs the given message with the given level.</doc>
<status status="PASS" start="2024-11-02T00:02:16.918050" elapsed="0.000000"/>
</kw>
<kw name="Should Be Equal As Numbers" owner="BuiltIn">
<msg time="2024-11-02T00:02:16.918050" level="INFO">Argument types are:
&lt;class 'int'&gt;
&lt;class 'str'&gt;</msg>
<arg>${response.status_code}</arg>
<arg>200</arg>
<doc>Fails if objects are unequal after converting them to real numbers.</doc>
<status status="PASS" start="2024-11-02T00:02:16.918050" elapsed="0.000000"/>
</kw>
<kw name="Set Global Variable" owner="BuiltIn">
<msg time="2024-11-02T00:02:16.918050" level="INFO">${TOKEN} = eyJhbGciOiJIUzI1NiIsInR5cCI6IkpXVCJ9.eyJfaWQiOiI2NmRiNWQ4NDFkZjU1NDE1MGU2ZDY0YmQiLCJmdWxsTmFtZSI6IlFhLUNvZGVycy1TWVNBRE1JTiIsIm1haWwiOiJzeXNhZG1pbkBxYWNvZGVycy5jb20iLCJwYXNzd29yZCI6IiQyYiQxMCR1NGcwYm8...</msg>
<arg>${TOKEN}</arg>
<arg>${response.json()['token']}</arg>
<doc>Makes a variable available globally in all tests and suites.</doc>
<status status="PASS" start="2024-11-02T00:02:16.918050" elapsed="0.000000"/>
</kw>
<kw name="Log" owner="BuiltIn">
<msg time="2024-11-02T00:02:16.918050" level="INFO">eyJhbGciOiJIUzI1NiIsInR5cCI6IkpXVCJ9.eyJfaWQiOiI2NmRiNWQ4NDFkZjU1NDE1MGU2ZDY0YmQiLCJmdWxsTmFtZSI6IlFhLUNvZGVycy1TWVNBRE1JTiIsIm1haWwiOiJzeXNhZG1pbkBxYWNvZGVycy5jb20iLCJwYXNzd29yZCI6IiQyYiQxMCR1NGcwYm81OTlFa1E4RGZSeGw4bHlPTzhiaDZ5QnlyRlVhN2k5cDV0N2pycElFaUx6MzJMLiIsImFjY2Vzc1Byb2ZpbGUiOiJTWVNBRE1JTiIsImNwZiI6IjExMTExMTExMTExIiwic3RhdHVzIjp0cnVlLCJhdWRpdCI6W3sicmVnaXN0ZXJlZEJ5Ijp7InVzZXJJZCI6IjExMTExMTExMTExMTExMTExMSIsInVzZXJMb2dpbiI6InN5c2FkbWluQHFhY29kZXJzLmNvbSJ9LCJyZWdpc3RyYXRpb25EYXRlIjoic2V4dGEtZmVpcmEsIDA2LzA5LzIwMjQsIDE2OjUyOjM2IEJSVCIsInJlZ2lzdHJhdGlvbk51bWJlciI6IjAxIiwiY29tcGFueUlkIjoiUWEuQ29kZXJzIiwiX2lkIjoiNjZkYjVkODQxZGY1NTQxNTBlNmQ2NGJlIn1dLCJfX3YiOjAsImlhdCI6MTczMDUxNjUyNiwiZXhwIjoxNzMwNjAyOTI2fQ.6rvUeGNFsrMMGMV_uxPcf6GIiER5E79De_Em3jvfgP0</msg>
<arg>${TOKEN}</arg>
<doc>Logs the given message with the given level.</doc>
<status status="PASS" start="2024-11-02T00:02:16.918050" elapsed="0.000000"/>
</kw>
<status status="PASS" start="2024-11-02T00:02:16.771427" elapsed="0.146623"/>
</kw>
<kw name="Create Session" owner="RequestsLibrary">
<msg time="2024-11-02T00:02:16.918050" level="INFO">Creating Session using : alias=NewSession, url=https://ron-bugado.qacoders.dev.br, headers={},                     cookies={}, auth=None, timeout=None, proxies=None, verify=True,                     debug=0 </msg>
<arg>NewSession</arg>
<arg>${baseURL}</arg>
<arg>verify=true</arg>
<doc>Create Session: create a HTTP session to a server</doc>
<status status="PASS" start="2024-11-02T00:02:16.918050" elapsed="0.000000"/>
</kw>
<kw name="Create Dictionary" owner="BuiltIn">
<msg time="2024-11-02T00:02:16.918050" level="INFO">${headers} = {'accept': 'application/json', 'Content-Type': 'application/json', 'Authorization': 'eyJhbGciOiJIUzI1NiIsInR5cCI6IkpXVCJ9.eyJfaWQiOiI2NmRiNWQ4NDFkZjU1NDE1MGU2ZDY0YmQiLCJmdWxsTmFtZSI6IlFhLUNvZGVycy1TWV...</msg>
<var>${headers}</var>
<arg>accept=application/json</arg>
<arg>Content-Type=application/json</arg>
<arg>Authorization=${TOKEN}</arg>
<doc>Creates and returns a dictionary based on the given ``items``.</doc>
<status status="PASS" start="2024-11-02T00:02:16.918050" elapsed="0.000000"/>
</kw>
<kw name="Create List" owner="BuiltIn">
<msg time="2024-11-02T00:02:16.918050" level="INFO">${address} = []</msg>
<var>${address}</var>
<doc>Returns a list containing given items.</doc>
<status status="PASS" start="2024-11-02T00:02:16.918050" elapsed="0.000000"/>
</kw>
<kw name="Create Dictionary" owner="BuiltIn">
<msg time="2024-11-02T00:02:16.918050" level="INFO">${address_dict} = {'zipCode': '12345678', 'city': 'Osasco', 'state': 'SP', 'district': 'Rua Aparecida', 'street': 'Avenida São José', 'number': '1234567890', 'complement': 'Apto 523 ABC', 'country': 'Brazil'}</msg>
<var>${address_dict}</var>
<arg>zipCode=${zipCode}</arg>
<arg>city=${city}</arg>
<arg>state=${state}</arg>
<arg>district=${district}</arg>
<arg>street=${street}</arg>
<arg>number=${number}</arg>
<arg>complement=${complement}</arg>
<arg>country=${country}</arg>
<doc>Creates and returns a dictionary based on the given ``items``.</doc>
<status status="PASS" start="2024-11-02T00:02:16.918050" elapsed="0.000000"/>
</kw>
<kw name="Append To List" owner="Collections">
<arg>${address}</arg>
<arg>${address_dict}</arg>
<doc>Adds ``values`` to the end of ``list``.</doc>
<status status="PASS" start="2024-11-02T00:02:16.918050" elapsed="0.000000"/>
</kw>
<kw name="Create Dictionary" owner="BuiltIn">
<msg time="2024-11-02T00:02:16.918050" level="INFO">${body} = {'address': [{'zipCode': '12345678', 'city': 'Osasco', 'state': 'SP', 'district': 'Rua Aparecida', 'street': 'Avenida São José', 'number': '1234567890', 'complement': 'Apto 523 ABC', 'country': 'Brazi...</msg>
<var>${body}</var>
<arg>address=${address}</arg>
<doc>Creates and returns a dictionary based on the given ``items``.</doc>
<status status="PASS" start="2024-11-02T00:02:16.918050" elapsed="0.000000"/>
</kw>
<kw name="Put Request" owner="RequestsLibrary">
<msg time="2024-11-02T00:02:16.918050" level="WARN">Keyword 'RequestsLibrary.Put Request' is deprecated. Please use `PUT On Session` instead.</msg>
<msg time="2024-11-02T00:02:16.970209" level="INFO">PUT Request : url=https://ron-bugado.qacoders.dev.br/api/company/address/67099960eed30dc911c580a0 
 path_url=/api/company/address/67099960eed30dc911c580a0 
 headers={'User-Agent': 'python-requests/2.32.3', 'Accept-Encoding': 'gzip, deflate', 'accept': 'application/json', 'Connection': 'keep-alive', 'Content-Type': 'application/json', 'Authorization': 'eyJhbGciOiJIUzI1NiIsInR5cCI6IkpXVCJ9.eyJfaWQiOiI2NmRiNWQ4NDFkZjU1NDE1MGU2ZDY0YmQiLCJmdWxsTmFtZSI6IlFhLUNvZGVycy1TWVNBRE1JTiIsIm1haWwiOiJzeXNhZG1pbkBxYWNvZGVycy5jb20iLCJwYXNzd29yZCI6IiQyYiQxMCR1NGcwYm81OTlFa1E4RGZSeGw4bHlPTzhiaDZ5QnlyRlVhN2k5cDV0N2pycElFaUx6MzJMLiIsImFjY2Vzc1Byb2ZpbGUiOiJTWVNBRE1JTiIsImNwZiI6IjExMTExMTExMTExIiwic3RhdHVzIjp0cnVlLCJhdWRpdCI6W3sicmVnaXN0ZXJlZEJ5Ijp7InVzZXJJZCI6IjExMTExMTExMTExMTExMTExMSIsInVzZXJMb2dpbiI6InN5c2FkbWluQHFhY29kZXJzLmNvbSJ9LCJyZWdpc3RyYXRpb25EYXRlIjoic2V4dGEtZmVpcmEsIDA2LzA5LzIwMjQsIDE2OjUyOjM2IEJSVCIsInJlZ2lzdHJhdGlvbk51bWJlciI6IjAxIiwiY29tcGFueUlkIjoiUWEuQ29kZXJzIiwiX2lkIjoiNjZkYjVkODQxZGY1NTQxNTBlNmQ2NGJlIn1dLCJfX3YiOjAsImlhdCI6MTczMDUxNjUyNiwiZXhwIjoxNzMwNjAyOTI2fQ.6rvUeGNFsrMMGMV_uxPcf6GIiER5E79De_Em3jvfgP0', 'Content-Length': '215'} 
 body=b'{"address": [{"zipCode": "12345678", "city": "Osasco", "state": "SP", "district": "Rua Aparecida", "street": "Avenida S\\u00e3o Jos\\u00e9", "number": "1234567890", "complement": "Apto 523 ABC", "country": "Brazil"}]}' 
 </msg>
<msg time="2024-11-02T00:02:16.970768" level="INFO">PUT Response : url=https://ron-bugado.qacoders.dev.br/api/company/address/67099960eed30dc911c580a0 
 status=201, reason=Created 
 headers={'Server': 'nginx/1.18.0 (Ubuntu)', 'Date': 'Sat, 02 Nov 2024 03:02:06 GMT', 'Content-Type': 'application/json; charset=utf-8', 'Content-Length': '760', 'Connection': 'keep-alive', 'X-Powered-By': 'Express', 'Access-Control-Allow-Origin': '*', 'Access-Control-Allow-Methods': 'GET, POST, OPTIONS, PUT, PATCH, DELETE', 'Access-Control-Allow-Headers': 'Origin, X-Requested-With, Content-Type, Accept, Authorization', 'ETag': 'W/"2f8-pXhQFmyIVdM10hR+StSX+NngNvA"'} 
 body={"msg":"Endereço da companhia atualizado com sucesso.","updateCompany":{"_id":"67099960eed30dc911c580a0","corporateName":"EMPRESA 1d4ieakgy9 LTDA","registerCompany":"57549023071719","responsibleContact":"Marcio","mail":"test@test.com","telephone":"99999999999999","serviceDescription":"Testes","matriz":"6x1qeiy5u2psrg","status":true,"address":[{"country":"Brazil","zipCode":"12345678","city":"Osasco","state":"SP","district":"Rua Aparecida","street":"Avenida São José","number":"1234567890","complement":"Apto 523 ABC","_id":"6725962e360709eca23d4856"}],"audit":[{"registeredBy":{"userId":"66db5d841df554150e6d64bd","userLogin":"sysadmin@qacoders.com"},"registrationDate":"sexta-feira, 11/10/2024, 18:32:16 BRT","_id":"67099960eed30dc911c580a2"}],"__v":0}} 
 </msg>
<msg time="2024-11-02T00:02:16.970768" level="INFO">${response} = &lt;Response [201]&gt;</msg>
<var>${response}</var>
<arg>NewSession</arg>
<arg>/api/company/address/67099960eed30dc911c580a0</arg>
<arg>json=${body}</arg>
<arg>headers=${headers}</arg>
<doc>*DEPRECATED* Please use `PUT On Session` instead.</doc>
<status status="PASS" start="2024-11-02T00:02:16.918050" elapsed="0.052718"/>
</kw>
<kw name="Log" owner="BuiltIn">
<msg time="2024-11-02T00:02:16.972765" level="INFO">{'msg': 'Endereço da companhia atualizado com sucesso.', 'updateCompany': {'_id': '67099960eed30dc911c580a0', 'corporateName': 'EMPRESA 1d4ieakgy9 LTDA', 'registerCompany': '57549023071719', 'responsibleContact': 'Marcio', 'mail': 'test@test.com', 'telephone': '99999999999999', 'serviceDescription': 'Testes', 'matriz': '6x1qeiy5u2psrg', 'status': True, 'address': [{'country': 'Brazil', 'zipCode': '12345678', 'city': 'Osasco', 'state': 'SP', 'district': 'Rua Aparecida', 'street': 'Avenida São José', 'number': '1234567890', 'complement': 'Apto 523 ABC', '_id': '6725962e360709eca23d4856'}], 'audit': [{'registeredBy': {'userId': '66db5d841df554150e6d64bd', 'userLogin': 'sysadmin@qacoders.com'}, 'registrationDate': 'sexta-feira, 11/10/2024, 18:32:16 BRT', '_id': '67099960eed30dc911c580a2'}], '__v': 0}}</msg>
<arg>${response.json()}</arg>
<doc>Logs the given message with the given level.</doc>
<status status="PASS" start="2024-11-02T00:02:16.970768" elapsed="0.001997"/>
</kw>
<kw name="Should Be Equal As Numbers" owner="BuiltIn">
<msg time="2024-11-02T00:02:16.973034" level="INFO">Argument types are:
&lt;class 'int'&gt;
&lt;class 'str'&gt;</msg>
<arg>${response.status_code}</arg>
<arg>201</arg>
<doc>Fails if objects are unequal after converting them to real numbers.</doc>
<status status="PASS" start="2024-11-02T00:02:16.973034" elapsed="0.000000"/>
</kw>
<arg>12345678</arg>
<arg>Osasco</arg>
<arg>SP</arg>
<arg>Rua Aparecida</arg>
<arg>Avenida São José</arg>
<arg>1234567890</arg>
<arg>Apto 523 ABC</arg>
<arg>Brazil</arg>
<status status="PASS" start="2024-11-02T00:02:16.771427" elapsed="0.201607"/>
</kw>
<status status="PASS" start="2024-11-02T00:02:16.771427" elapsed="0.203029"/>
</test>
<test id="s1-t3" name="[CT03] Editar campo com LOGRADOURO (street) vazio (Campo Obrigatório)" line="32">
<kw name="Editar Endereco Empresa" owner="company_keywords">
<kw name="Login E Armazenar Token" owner="company_keywords">
<kw name="Create Session" owner="RequestsLibrary">
<msg time="2024-11-02T00:02:16.974456" level="INFO">Creating Session using : alias=NewSession, url=https://ron-bugado.qacoders.dev.br, headers={},                     cookies={}, auth=None, timeout=None, proxies=None, verify=True,                     debug=0 </msg>
<arg>NewSession</arg>
<arg>${baseURL}</arg>
<arg>verify=true</arg>
<doc>Create Session: create a HTTP session to a server</doc>
<status status="PASS" start="2024-11-02T00:02:16.974456" elapsed="0.000000"/>
</kw>
<kw name="Create Dictionary" owner="BuiltIn">
<msg time="2024-11-02T00:02:16.974456" level="INFO">${headers} = {'accept': 'application/json', 'Content-Type': 'application/json'}</msg>
<var>${headers}</var>
<arg>accept=application/json</arg>
<arg>Content-Type=application/json</arg>
<doc>Creates and returns a dictionary based on the given ``items``.</doc>
<status status="PASS" start="2024-11-02T00:02:16.974456" elapsed="0.000000"/>
</kw>
<kw name="Create Dictionary" owner="BuiltIn">
<msg time="2024-11-02T00:02:16.974456" level="INFO">${body} = {'mail': 'sysadmin@qacoders.com', 'password': '1234@Test'}</msg>
<var>${body}</var>
<arg>mail=sysadmin@qacoders.com</arg>
<arg>password=1234@Test</arg>
<doc>Creates and returns a dictionary based on the given ``items``.</doc>
<status status="PASS" start="2024-11-02T00:02:16.974456" elapsed="0.000000"/>
</kw>
<kw name="Post Request" owner="RequestsLibrary">
<msg time="2024-11-02T00:02:16.974456" level="WARN">Keyword 'RequestsLibrary.Post Request' is deprecated. Please use `POST On Session` instead.</msg>
<msg time="2024-11-02T00:02:17.086711" level="INFO">POST Request : url=https://ron-bugado.qacoders.dev.br/api/login 
 path_url=/api/login 
 headers={'User-Agent': 'python-requests/2.32.3', 'Accept-Encoding': 'gzip, deflate', 'accept': 'application/json', 'Connection': 'keep-alive', 'Content-Type': 'application/json', 'Content-Length': '58'} 
 body=b'{"mail": "sysadmin@qacoders.com", "password": "1234@Test"}' 
 </msg>
<msg time="2024-11-02T00:02:17.086711" level="INFO">POST Response : url=https://ron-bugado.qacoders.dev.br/api/login 
 status=200, reason=OK 
 headers={'Server': 'nginx/1.18.0 (Ubuntu)', 'Date': 'Sat, 02 Nov 2024 03:02:07 GMT', 'Content-Type': 'application/json; charset=utf-8', 'Transfer-Encoding': 'chunked', 'Connection': 'keep-alive', 'X-Powered-By': 'Express', 'Access-Control-Allow-Origin': '*', 'Access-Control-Allow-Methods': 'GET, POST, OPTIONS, PUT, PATCH, DELETE', 'Access-Control-Allow-Headers': 'Origin, X-Requested-With, Content-Type, Accept, Authorization', 'ETag': 'W/"534-yt8yTuCk01M4wR51SO04hhi1Q3A"', 'Content-Encoding': 'gzip'} 
 body={"msg":"Olá Qa-Coders-SYSADMIN, autenticação autorizada com sucesso!","user":{"_id":"66db5d841df554150e6d64bd","fullName":"Qa-Coders-SYSADMIN","mail":"sysadmin@qacoders.com","password":"$2b$10$u4g0bo599EkQ8DfRxl8lyOO8bh6yByrFUa7i9p5t7jrpIEiLz32L.","accessProfile":"SYSADMIN","cpf":"11111111111","status":true,"audit":[{"registeredBy":{"userId":"111111111111111111","userLogin":"sysadmin@qacoders.com"},"registrationDate":"sexta-feira, 06/09/2024, 16:52:36 BRT","registrationNumber":"01","companyId":"Qa.Coders","_id":"66db5d841df554150e6d64be"}],"__v":0},"token":"eyJhbGciOiJIUzI1NiIsInR5cCI6IkpXVCJ9.eyJfaWQiOiI2NmRiNWQ4NDFkZjU1NDE1MGU2ZDY0YmQiLCJmdWxsTmFtZSI6IlFhLUNvZGVycy1TWVNBRE1JTiIsIm1haWwiOiJzeXNhZG1pbkBxYWNvZGVycy5jb20iLCJwYXNzd29yZCI6IiQyYiQxMCR1NGcwYm81OTlFa1E4RGZSeGw4bHlPTzhiaDZ5QnlyRlVhN2k5cDV0N2pycElFaUx6MzJMLiIsImFjY2Vzc1Byb2ZpbGUiOiJTWVNBRE1JTiIsImNwZiI6IjExMTExMTExMTExIiwic3RhdHVzIjp0cnVlLCJhdWRpdCI6W3sicmVnaXN0ZXJlZEJ5Ijp7InVzZXJJZCI6IjExMTExMTExMTExMTExMTExMSIsInVzZXJMb2dpbiI6InN5c2FkbWluQHFhY29kZXJzLmNvbSJ9LCJyZWdpc3RyYXRpb25EYXRlIjoic2V4dGEtZmVpcmEsIDA2LzA5LzIwMjQsIDE2OjUyOjM2IEJSVCIsInJlZ2lzdHJhdGlvbk51bWJlciI6IjAxIiwiY29tcGFueUlkIjoiUWEuQ29kZXJzIiwiX2lkIjoiNjZkYjVkODQxZGY1NTQxNTBlNmQ2NGJlIn1dLCJfX3YiOjAsImlhdCI6MTczMDUxNjUyNywiZXhwIjoxNzMwNjAyOTI3fQ.K_QBE13sQB28HKVMVFzN99-QUBR_vfpdImQhBGQFDOg"} 
 </msg>
<msg time="2024-11-02T00:02:17.088765" level="INFO">${response} = &lt;Response [200]&gt;</msg>
<var>${response}</var>
<arg>NewSession</arg>
<arg>/api/login</arg>
<arg>json=${body}</arg>
<arg>headers=${headers}</arg>
<doc>*DEPRECATED* Please use `POST On Session` instead.</doc>
<status status="PASS" start="2024-11-02T00:02:16.974456" elapsed="0.114309"/>
</kw>
<kw name="Log" owner="BuiltIn">
<msg time="2024-11-02T00:02:17.088765" level="INFO">{'msg': 'Olá Qa-Coders-SYSADMIN, autenticação autorizada com sucesso!', 'user': {'_id': '66db5d841df554150e6d64bd', 'fullName': 'Qa-Coders-SYSADMIN', 'mail': 'sysadmin@qacoders.com', 'password': '$2b$10$u4g0bo599EkQ8DfRxl8lyOO8bh6yByrFUa7i9p5t7jrpIEiLz32L.', 'accessProfile': 'SYSADMIN', 'cpf': '11111111111', 'status': True, 'audit': [{'registeredBy': {'userId': '111111111111111111', 'userLogin': 'sysadmin@qacoders.com'}, 'registrationDate': 'sexta-feira, 06/09/2024, 16:52:36 BRT', 'registrationNumber': '01', 'companyId': 'Qa.Coders', '_id': '66db5d841df554150e6d64be'}], '__v': 0}, 'token': 'eyJhbGciOiJIUzI1NiIsInR5cCI6IkpXVCJ9.eyJfaWQiOiI2NmRiNWQ4NDFkZjU1NDE1MGU2ZDY0YmQiLCJmdWxsTmFtZSI6IlFhLUNvZGVycy1TWVNBRE1JTiIsIm1haWwiOiJzeXNhZG1pbkBxYWNvZGVycy5jb20iLCJwYXNzd29yZCI6IiQyYiQxMCR1NGcwYm81OTlFa1E4RGZSeGw4bHlPTzhiaDZ5QnlyRlVhN2k5cDV0N2pycElFaUx6MzJMLiIsImFjY2Vzc1Byb2ZpbGUiOiJTWVNBRE1JTiIsImNwZiI6IjExMTExMTExMTExIiwic3RhdHVzIjp0cnVlLCJhdWRpdCI6W3sicmVnaXN0ZXJlZEJ5Ijp7InVzZXJJZCI6IjExMTExMTExMTExMTExMTExMSIsInVzZXJMb2dpbiI6InN5c2FkbWluQHFhY29kZXJzLmNvbSJ9LCJyZWdpc3RyYXRpb25EYXRlIjoic2V4dGEtZmVpcmEsIDA2LzA5LzIwMjQsIDE2OjUyOjM2IEJSVCIsInJlZ2lzdHJhdGlvbk51bWJlciI6IjAxIiwiY29tcGFueUlkIjoiUWEuQ29kZXJzIiwiX2lkIjoiNjZkYjVkODQxZGY1NTQxNTBlNmQ2NGJlIn1dLCJfX3YiOjAsImlhdCI6MTczMDUxNjUyNywiZXhwIjoxNzMwNjAyOTI3fQ.K_QBE13sQB28HKVMVFzN99-QUBR_vfpdImQhBGQFDOg'}</msg>
<arg>${response.json()}</arg>
<doc>Logs the given message with the given level.</doc>
<status status="PASS" start="2024-11-02T00:02:17.088765" elapsed="0.000000"/>
</kw>
<kw name="Should Be Equal As Numbers" owner="BuiltIn">
<msg time="2024-11-02T00:02:17.088765" level="INFO">Argument types are:
&lt;class 'int'&gt;
&lt;class 'str'&gt;</msg>
<arg>${response.status_code}</arg>
<arg>200</arg>
<doc>Fails if objects are unequal after converting them to real numbers.</doc>
<status status="PASS" start="2024-11-02T00:02:17.088765" elapsed="0.000000"/>
</kw>
<kw name="Set Global Variable" owner="BuiltIn">
<msg time="2024-11-02T00:02:17.088765" level="INFO">${TOKEN} = eyJhbGciOiJIUzI1NiIsInR5cCI6IkpXVCJ9.eyJfaWQiOiI2NmRiNWQ4NDFkZjU1NDE1MGU2ZDY0YmQiLCJmdWxsTmFtZSI6IlFhLUNvZGVycy1TWVNBRE1JTiIsIm1haWwiOiJzeXNhZG1pbkBxYWNvZGVycy5jb20iLCJwYXNzd29yZCI6IiQyYiQxMCR1NGcwYm8...</msg>
<arg>${TOKEN}</arg>
<arg>${response.json()['token']}</arg>
<doc>Makes a variable available globally in all tests and suites.</doc>
<status status="PASS" start="2024-11-02T00:02:17.088765" elapsed="0.000000"/>
</kw>
<kw name="Log" owner="BuiltIn">
<msg time="2024-11-02T00:02:17.088765" level="INFO">eyJhbGciOiJIUzI1NiIsInR5cCI6IkpXVCJ9.eyJfaWQiOiI2NmRiNWQ4NDFkZjU1NDE1MGU2ZDY0YmQiLCJmdWxsTmFtZSI6IlFhLUNvZGVycy1TWVNBRE1JTiIsIm1haWwiOiJzeXNhZG1pbkBxYWNvZGVycy5jb20iLCJwYXNzd29yZCI6IiQyYiQxMCR1NGcwYm81OTlFa1E4RGZSeGw4bHlPTzhiaDZ5QnlyRlVhN2k5cDV0N2pycElFaUx6MzJMLiIsImFjY2Vzc1Byb2ZpbGUiOiJTWVNBRE1JTiIsImNwZiI6IjExMTExMTExMTExIiwic3RhdHVzIjp0cnVlLCJhdWRpdCI6W3sicmVnaXN0ZXJlZEJ5Ijp7InVzZXJJZCI6IjExMTExMTExMTExMTExMTExMSIsInVzZXJMb2dpbiI6InN5c2FkbWluQHFhY29kZXJzLmNvbSJ9LCJyZWdpc3RyYXRpb25EYXRlIjoic2V4dGEtZmVpcmEsIDA2LzA5LzIwMjQsIDE2OjUyOjM2IEJSVCIsInJlZ2lzdHJhdGlvbk51bWJlciI6IjAxIiwiY29tcGFueUlkIjoiUWEuQ29kZXJzIiwiX2lkIjoiNjZkYjVkODQxZGY1NTQxNTBlNmQ2NGJlIn1dLCJfX3YiOjAsImlhdCI6MTczMDUxNjUyNywiZXhwIjoxNzMwNjAyOTI3fQ.K_QBE13sQB28HKVMVFzN99-QUBR_vfpdImQhBGQFDOg</msg>
<arg>${TOKEN}</arg>
<doc>Logs the given message with the given level.</doc>
<status status="PASS" start="2024-11-02T00:02:17.088765" elapsed="0.000000"/>
</kw>
<status status="PASS" start="2024-11-02T00:02:16.974456" elapsed="0.114309"/>
</kw>
<kw name="Create Session" owner="RequestsLibrary">
<msg time="2024-11-02T00:02:17.088765" level="INFO">Creating Session using : alias=NewSession, url=https://ron-bugado.qacoders.dev.br, headers={},                     cookies={}, auth=None, timeout=None, proxies=None, verify=True,                     debug=0 </msg>
<arg>NewSession</arg>
<arg>${baseURL}</arg>
<arg>verify=true</arg>
<doc>Create Session: create a HTTP session to a server</doc>
<status status="PASS" start="2024-11-02T00:02:17.088765" elapsed="0.000000"/>
</kw>
<kw name="Create Dictionary" owner="BuiltIn">
<msg time="2024-11-02T00:02:17.088765" level="INFO">${headers} = {'accept': 'application/json', 'Content-Type': 'application/json', 'Authorization': 'eyJhbGciOiJIUzI1NiIsInR5cCI6IkpXVCJ9.eyJfaWQiOiI2NmRiNWQ4NDFkZjU1NDE1MGU2ZDY0YmQiLCJmdWxsTmFtZSI6IlFhLUNvZGVycy1TWV...</msg>
<var>${headers}</var>
<arg>accept=application/json</arg>
<arg>Content-Type=application/json</arg>
<arg>Authorization=${TOKEN}</arg>
<doc>Creates and returns a dictionary based on the given ``items``.</doc>
<status status="PASS" start="2024-11-02T00:02:17.088765" elapsed="0.000000"/>
</kw>
<kw name="Create List" owner="BuiltIn">
<msg time="2024-11-02T00:02:17.088765" level="INFO">${address} = []</msg>
<var>${address}</var>
<doc>Returns a list containing given items.</doc>
<status status="PASS" start="2024-11-02T00:02:17.088765" elapsed="0.000000"/>
</kw>
<kw name="Create Dictionary" owner="BuiltIn">
<msg time="2024-11-02T00:02:17.088765" level="INFO">${address_dict} = {'zipCode': '04777001', 'city': 'São Paulo', 'state': 'SP', 'district': 'Rua das Flores', 'street': '', 'number': '5066666666', 'complement': 'de 4503 ao fim - lado ímpar', 'country': 'Brasil'}</msg>
<var>${address_dict}</var>
<arg>zipCode=${zipCode}</arg>
<arg>city=${city}</arg>
<arg>state=${state}</arg>
<arg>district=${district}</arg>
<arg>street=${street}</arg>
<arg>number=${number}</arg>
<arg>complement=${complement}</arg>
<arg>country=${country}</arg>
<doc>Creates and returns a dictionary based on the given ``items``.</doc>
<status status="PASS" start="2024-11-02T00:02:17.088765" elapsed="0.000000"/>
</kw>
<kw name="Append To List" owner="Collections">
<arg>${address}</arg>
<arg>${address_dict}</arg>
<doc>Adds ``values`` to the end of ``list``.</doc>
<status status="PASS" start="2024-11-02T00:02:17.088765" elapsed="0.000000"/>
</kw>
<kw name="Create Dictionary" owner="BuiltIn">
<msg time="2024-11-02T00:02:17.088765" level="INFO">${body} = {'address': [{'zipCode': '04777001', 'city': 'São Paulo', 'state': 'SP', 'district': 'Rua das Flores', 'street': '', 'number': '5066666666', 'complement': 'de 4503 ao fim - lado ímpar', 'country': 'Br...</msg>
<var>${body}</var>
<arg>address=${address}</arg>
<doc>Creates and returns a dictionary based on the given ``items``.</doc>
<status status="PASS" start="2024-11-02T00:02:17.088765" elapsed="0.000000"/>
</kw>
<kw name="Put Request" owner="RequestsLibrary">
<msg time="2024-11-02T00:02:17.088765" level="WARN">Keyword 'RequestsLibrary.Put Request' is deprecated. Please use `PUT On Session` instead.</msg>
<msg time="2024-11-02T00:02:17.127800" level="INFO">PUT Request : url=https://ron-bugado.qacoders.dev.br/api/company/address/67099960eed30dc911c580a0 
 path_url=/api/company/address/67099960eed30dc911c580a0 
 headers={'User-Agent': 'python-requests/2.32.3', 'Accept-Encoding': 'gzip, deflate', 'accept': 'application/json', 'Connection': 'keep-alive', 'Content-Type': 'application/json', 'Authorization': 'eyJhbGciOiJIUzI1NiIsInR5cCI6IkpXVCJ9.eyJfaWQiOiI2NmRiNWQ4NDFkZjU1NDE1MGU2ZDY0YmQiLCJmdWxsTmFtZSI6IlFhLUNvZGVycy1TWVNBRE1JTiIsIm1haWwiOiJzeXNhZG1pbkBxYWNvZGVycy5jb20iLCJwYXNzd29yZCI6IiQyYiQxMCR1NGcwYm81OTlFa1E4RGZSeGw4bHlPTzhiaDZ5QnlyRlVhN2k5cDV0N2pycElFaUx6MzJMLiIsImFjY2Vzc1Byb2ZpbGUiOiJTWVNBRE1JTiIsImNwZiI6IjExMTExMTExMTExIiwic3RhdHVzIjp0cnVlLCJhdWRpdCI6W3sicmVnaXN0ZXJlZEJ5Ijp7InVzZXJJZCI6IjExMTExMTExMTExMTExMTExMSIsInVzZXJMb2dpbiI6InN5c2FkbWluQHFhY29kZXJzLmNvbSJ9LCJyZWdpc3RyYXRpb25EYXRlIjoic2V4dGEtZmVpcmEsIDA2LzA5LzIwMjQsIDE2OjUyOjM2IEJSVCIsInJlZ2lzdHJhdGlvbk51bWJlciI6IjAxIiwiY29tcGFueUlkIjoiUWEuQ29kZXJzIiwiX2lkIjoiNjZkYjVkODQxZGY1NTQxNTBlNmQ2NGJlIn1dLCJfX3YiOjAsImlhdCI6MTczMDUxNjUyNywiZXhwIjoxNzMwNjAyOTI3fQ.K_QBE13sQB28HKVMVFzN99-QUBR_vfpdImQhBGQFDOg', 'Content-Length': '218'} 
 body=b'{"address": [{"zipCode": "04777001", "city": "S\\u00e3o Paulo", "state": "SP", "district": "Rua das Flores", "street": "", "number": "5066666666", "complement": "de 4503 ao fim - lado \\u00edmpar", "country": "Brasil"}]}' 
 </msg>
<msg time="2024-11-02T00:02:17.128807" level="INFO">PUT Response : url=https://ron-bugado.qacoders.dev.br/api/company/address/67099960eed30dc911c580a0 
 status=400, reason=Bad Request 
 headers={'Server': 'nginx/1.18.0 (Ubuntu)', 'Date': 'Sat, 02 Nov 2024 03:02:07 GMT', 'Content-Type': 'application/json; charset=utf-8', 'Content-Length': '51', 'Connection': 'keep-alive', 'X-Powered-By': 'Express', 'Access-Control-Allow-Origin': '*', 'Access-Control-Allow-Methods': 'GET, POST, OPTIONS, PUT, PATCH, DELETE', 'Access-Control-Allow-Headers': 'Origin, X-Requested-With, Content-Type, Accept, Authorization', 'ETag': 'W/"33-A0nuhY5GOiLZ/9v5sUtOmSsiTkM"'} 
 body={"error":["O campo 'logradouro' é obrigatório."]} 
 </msg>
<msg time="2024-11-02T00:02:17.128807" level="INFO">${response} = &lt;Response [400]&gt;</msg>
<var>${response}</var>
<arg>NewSession</arg>
<arg>/api/company/address/67099960eed30dc911c580a0</arg>
<arg>json=${body}</arg>
<arg>headers=${headers}</arg>
<doc>*DEPRECATED* Please use `PUT On Session` instead.</doc>
<status status="PASS" start="2024-11-02T00:02:17.088765" elapsed="0.040042"/>
</kw>
<kw name="Log" owner="BuiltIn">
<msg time="2024-11-02T00:02:17.129801" level="INFO">{'error': ["O campo 'logradouro' é obrigatório."]}</msg>
<arg>${response.json()}</arg>
<doc>Logs the given message with the given level.</doc>
<status status="PASS" start="2024-11-02T00:02:17.128807" elapsed="0.001990"/>
</kw>
<kw name="Should Be Equal As Numbers" owner="BuiltIn">
<msg time="2024-11-02T00:02:17.131792" level="INFO">Argument types are:
&lt;class 'int'&gt;
&lt;class 'str'&gt;</msg>
<msg time="2024-11-02T00:02:17.131792" level="FAIL">400.0 != 201.0</msg>
<arg>${response.status_code}</arg>
<arg>201</arg>
<doc>Fails if objects are unequal after converting them to real numbers.</doc>
<status status="FAIL" start="2024-11-02T00:02:17.130797" elapsed="0.000995">400.0 != 201.0</status>
</kw>
<arg>04777001</arg>
<arg>São Paulo</arg>
<arg>SP</arg>
<arg>Rua das Flores</arg>
<arg>5066666666</arg>
<arg>de 4503 ao fim - lado ímpar</arg>
<arg>Brasil</arg>
<status status="FAIL" start="2024-11-02T00:02:16.974456" elapsed="0.157336">400.0 != 201.0</status>
</kw>
<status status="FAIL" start="2024-11-02T00:02:16.974456" elapsed="0.158203">400.0 != 201.0</status>
</test>
<test id="s1-t4" name="[CT04] Editar campo com LOGRADOURO (street) nulo (Campo Obrigatório)" line="43">
<kw name="Editar Endereco Empresa" owner="company_keywords">
<kw name="Login E Armazenar Token" owner="company_keywords">
<kw name="Create Session" owner="RequestsLibrary">
<msg time="2024-11-02T00:02:17.135814" level="INFO">Creating Session using : alias=NewSession, url=https://ron-bugado.qacoders.dev.br, headers={},                     cookies={}, auth=None, timeout=None, proxies=None, verify=True,                     debug=0 </msg>
<arg>NewSession</arg>
<arg>${baseURL}</arg>
<arg>verify=true</arg>
<doc>Create Session: create a HTTP session to a server</doc>
<status status="PASS" start="2024-11-02T00:02:17.135814" elapsed="0.001012"/>
</kw>
<kw name="Create Dictionary" owner="BuiltIn">
<msg time="2024-11-02T00:02:17.136826" level="INFO">${headers} = {'accept': 'application/json', 'Content-Type': 'application/json'}</msg>
<var>${headers}</var>
<arg>accept=application/json</arg>
<arg>Content-Type=application/json</arg>
<doc>Creates and returns a dictionary based on the given ``items``.</doc>
<status status="PASS" start="2024-11-02T00:02:17.136826" elapsed="0.000000"/>
</kw>
<kw name="Create Dictionary" owner="BuiltIn">
<msg time="2024-11-02T00:02:17.136826" level="INFO">${body} = {'mail': 'sysadmin@qacoders.com', 'password': '1234@Test'}</msg>
<var>${body}</var>
<arg>mail=sysadmin@qacoders.com</arg>
<arg>password=1234@Test</arg>
<doc>Creates and returns a dictionary based on the given ``items``.</doc>
<status status="PASS" start="2024-11-02T00:02:17.136826" elapsed="0.000000"/>
</kw>
<kw name="Post Request" owner="RequestsLibrary">
<msg time="2024-11-02T00:02:17.137758" level="WARN">Keyword 'RequestsLibrary.Post Request' is deprecated. Please use `POST On Session` instead.</msg>
<msg time="2024-11-02T00:02:17.238272" level="INFO">POST Request : url=https://ron-bugado.qacoders.dev.br/api/login 
 path_url=/api/login 
 headers={'User-Agent': 'python-requests/2.32.3', 'Accept-Encoding': 'gzip, deflate', 'accept': 'application/json', 'Connection': 'keep-alive', 'Content-Type': 'application/json', 'Content-Length': '58'} 
 body=b'{"mail": "sysadmin@qacoders.com", "password": "1234@Test"}' 
 </msg>
<msg time="2024-11-02T00:02:17.238272" level="INFO">POST Response : url=https://ron-bugado.qacoders.dev.br/api/login 
 status=200, reason=OK 
 headers={'Server': 'nginx/1.18.0 (Ubuntu)', 'Date': 'Sat, 02 Nov 2024 03:02:07 GMT', 'Content-Type': 'application/json; charset=utf-8', 'Transfer-Encoding': 'chunked', 'Connection': 'keep-alive', 'X-Powered-By': 'Express', 'Access-Control-Allow-Origin': '*', 'Access-Control-Allow-Methods': 'GET, POST, OPTIONS, PUT, PATCH, DELETE', 'Access-Control-Allow-Headers': 'Origin, X-Requested-With, Content-Type, Accept, Authorization', 'ETag': 'W/"534-yt8yTuCk01M4wR51SO04hhi1Q3A"', 'Content-Encoding': 'gzip'} 
 body={"msg":"Olá Qa-Coders-SYSADMIN, autenticação autorizada com sucesso!","user":{"_id":"66db5d841df554150e6d64bd","fullName":"Qa-Coders-SYSADMIN","mail":"sysadmin@qacoders.com","password":"$2b$10$u4g0bo599EkQ8DfRxl8lyOO8bh6yByrFUa7i9p5t7jrpIEiLz32L.","accessProfile":"SYSADMIN","cpf":"11111111111","status":true,"audit":[{"registeredBy":{"userId":"111111111111111111","userLogin":"sysadmin@qacoders.com"},"registrationDate":"sexta-feira, 06/09/2024, 16:52:36 BRT","registrationNumber":"01","companyId":"Qa.Coders","_id":"66db5d841df554150e6d64be"}],"__v":0},"token":"eyJhbGciOiJIUzI1NiIsInR5cCI6IkpXVCJ9.eyJfaWQiOiI2NmRiNWQ4NDFkZjU1NDE1MGU2ZDY0YmQiLCJmdWxsTmFtZSI6IlFhLUNvZGVycy1TWVNBRE1JTiIsIm1haWwiOiJzeXNhZG1pbkBxYWNvZGVycy5jb20iLCJwYXNzd29yZCI6IiQyYiQxMCR1NGcwYm81OTlFa1E4RGZSeGw4bHlPTzhiaDZ5QnlyRlVhN2k5cDV0N2pycElFaUx6MzJMLiIsImFjY2Vzc1Byb2ZpbGUiOiJTWVNBRE1JTiIsImNwZiI6IjExMTExMTExMTExIiwic3RhdHVzIjp0cnVlLCJhdWRpdCI6W3sicmVnaXN0ZXJlZEJ5Ijp7InVzZXJJZCI6IjExMTExMTExMTExMTExMTExMSIsInVzZXJMb2dpbiI6InN5c2FkbWluQHFhY29kZXJzLmNvbSJ9LCJyZWdpc3RyYXRpb25EYXRlIjoic2V4dGEtZmVpcmEsIDA2LzA5LzIwMjQsIDE2OjUyOjM2IEJSVCIsInJlZ2lzdHJhdGlvbk51bWJlciI6IjAxIiwiY29tcGFueUlkIjoiUWEuQ29kZXJzIiwiX2lkIjoiNjZkYjVkODQxZGY1NTQxNTBlNmQ2NGJlIn1dLCJfX3YiOjAsImlhdCI6MTczMDUxNjUyNywiZXhwIjoxNzMwNjAyOTI3fQ.K_QBE13sQB28HKVMVFzN99-QUBR_vfpdImQhBGQFDOg"} 
 </msg>
<msg time="2024-11-02T00:02:17.238272" level="INFO">${response} = &lt;Response [200]&gt;</msg>
<var>${response}</var>
<arg>NewSession</arg>
<arg>/api/login</arg>
<arg>json=${body}</arg>
<arg>headers=${headers}</arg>
<doc>*DEPRECATED* Please use `POST On Session` instead.</doc>
<status status="PASS" start="2024-11-02T00:02:17.137758" elapsed="0.100514"/>
</kw>
<kw name="Log" owner="BuiltIn">
<msg time="2024-11-02T00:02:17.238272" level="INFO">{'msg': 'Olá Qa-Coders-SYSADMIN, autenticação autorizada com sucesso!', 'user': {'_id': '66db5d841df554150e6d64bd', 'fullName': 'Qa-Coders-SYSADMIN', 'mail': 'sysadmin@qacoders.com', 'password': '$2b$10$u4g0bo599EkQ8DfRxl8lyOO8bh6yByrFUa7i9p5t7jrpIEiLz32L.', 'accessProfile': 'SYSADMIN', 'cpf': '11111111111', 'status': True, 'audit': [{'registeredBy': {'userId': '111111111111111111', 'userLogin': 'sysadmin@qacoders.com'}, 'registrationDate': 'sexta-feira, 06/09/2024, 16:52:36 BRT', 'registrationNumber': '01', 'companyId': 'Qa.Coders', '_id': '66db5d841df554150e6d64be'}], '__v': 0}, 'token': 'eyJhbGciOiJIUzI1NiIsInR5cCI6IkpXVCJ9.eyJfaWQiOiI2NmRiNWQ4NDFkZjU1NDE1MGU2ZDY0YmQiLCJmdWxsTmFtZSI6IlFhLUNvZGVycy1TWVNBRE1JTiIsIm1haWwiOiJzeXNhZG1pbkBxYWNvZGVycy5jb20iLCJwYXNzd29yZCI6IiQyYiQxMCR1NGcwYm81OTlFa1E4RGZSeGw4bHlPTzhiaDZ5QnlyRlVhN2k5cDV0N2pycElFaUx6MzJMLiIsImFjY2Vzc1Byb2ZpbGUiOiJTWVNBRE1JTiIsImNwZiI6IjExMTExMTExMTExIiwic3RhdHVzIjp0cnVlLCJhdWRpdCI6W3sicmVnaXN0ZXJlZEJ5Ijp7InVzZXJJZCI6IjExMTExMTExMTExMTExMTExMSIsInVzZXJMb2dpbiI6InN5c2FkbWluQHFhY29kZXJzLmNvbSJ9LCJyZWdpc3RyYXRpb25EYXRlIjoic2V4dGEtZmVpcmEsIDA2LzA5LzIwMjQsIDE2OjUyOjM2IEJSVCIsInJlZ2lzdHJhdGlvbk51bWJlciI6IjAxIiwiY29tcGFueUlkIjoiUWEuQ29kZXJzIiwiX2lkIjoiNjZkYjVkODQxZGY1NTQxNTBlNmQ2NGJlIn1dLCJfX3YiOjAsImlhdCI6MTczMDUxNjUyNywiZXhwIjoxNzMwNjAyOTI3fQ.K_QBE13sQB28HKVMVFzN99-QUBR_vfpdImQhBGQFDOg'}</msg>
<arg>${response.json()}</arg>
<doc>Logs the given message with the given level.</doc>
<status status="PASS" start="2024-11-02T00:02:17.238272" elapsed="0.000000"/>
</kw>
<kw name="Should Be Equal As Numbers" owner="BuiltIn">
<msg time="2024-11-02T00:02:17.238272" level="INFO">Argument types are:
&lt;class 'int'&gt;
&lt;class 'str'&gt;</msg>
<arg>${response.status_code}</arg>
<arg>200</arg>
<doc>Fails if objects are unequal after converting them to real numbers.</doc>
<status status="PASS" start="2024-11-02T00:02:17.238272" elapsed="0.000000"/>
</kw>
<kw name="Set Global Variable" owner="BuiltIn">
<msg time="2024-11-02T00:02:17.238272" level="INFO">${TOKEN} = eyJhbGciOiJIUzI1NiIsInR5cCI6IkpXVCJ9.eyJfaWQiOiI2NmRiNWQ4NDFkZjU1NDE1MGU2ZDY0YmQiLCJmdWxsTmFtZSI6IlFhLUNvZGVycy1TWVNBRE1JTiIsIm1haWwiOiJzeXNhZG1pbkBxYWNvZGVycy5jb20iLCJwYXNzd29yZCI6IiQyYiQxMCR1NGcwYm8...</msg>
<arg>${TOKEN}</arg>
<arg>${response.json()['token']}</arg>
<doc>Makes a variable available globally in all tests and suites.</doc>
<status status="PASS" start="2024-11-02T00:02:17.238272" elapsed="0.000000"/>
</kw>
<kw name="Log" owner="BuiltIn">
<msg time="2024-11-02T00:02:17.238272" level="INFO">eyJhbGciOiJIUzI1NiIsInR5cCI6IkpXVCJ9.eyJfaWQiOiI2NmRiNWQ4NDFkZjU1NDE1MGU2ZDY0YmQiLCJmdWxsTmFtZSI6IlFhLUNvZGVycy1TWVNBRE1JTiIsIm1haWwiOiJzeXNhZG1pbkBxYWNvZGVycy5jb20iLCJwYXNzd29yZCI6IiQyYiQxMCR1NGcwYm81OTlFa1E4RGZSeGw4bHlPTzhiaDZ5QnlyRlVhN2k5cDV0N2pycElFaUx6MzJMLiIsImFjY2Vzc1Byb2ZpbGUiOiJTWVNBRE1JTiIsImNwZiI6IjExMTExMTExMTExIiwic3RhdHVzIjp0cnVlLCJhdWRpdCI6W3sicmVnaXN0ZXJlZEJ5Ijp7InVzZXJJZCI6IjExMTExMTExMTExMTExMTExMSIsInVzZXJMb2dpbiI6InN5c2FkbWluQHFhY29kZXJzLmNvbSJ9LCJyZWdpc3RyYXRpb25EYXRlIjoic2V4dGEtZmVpcmEsIDA2LzA5LzIwMjQsIDE2OjUyOjM2IEJSVCIsInJlZ2lzdHJhdGlvbk51bWJlciI6IjAxIiwiY29tcGFueUlkIjoiUWEuQ29kZXJzIiwiX2lkIjoiNjZkYjVkODQxZGY1NTQxNTBlNmQ2NGJlIn1dLCJfX3YiOjAsImlhdCI6MTczMDUxNjUyNywiZXhwIjoxNzMwNjAyOTI3fQ.K_QBE13sQB28HKVMVFzN99-QUBR_vfpdImQhBGQFDOg</msg>
<arg>${TOKEN}</arg>
<doc>Logs the given message with the given level.</doc>
<status status="PASS" start="2024-11-02T00:02:17.238272" elapsed="0.000000"/>
</kw>
<status status="PASS" start="2024-11-02T00:02:17.135814" elapsed="0.102458"/>
</kw>
<kw name="Create Session" owner="RequestsLibrary">
<msg time="2024-11-02T00:02:17.238272" level="INFO">Creating Session using : alias=NewSession, url=https://ron-bugado.qacoders.dev.br, headers={},                     cookies={}, auth=None, timeout=None, proxies=None, verify=True,                     debug=0 </msg>
<arg>NewSession</arg>
<arg>${baseURL}</arg>
<arg>verify=true</arg>
<doc>Create Session: create a HTTP session to a server</doc>
<status status="PASS" start="2024-11-02T00:02:17.238272" elapsed="0.000000"/>
</kw>
<kw name="Create Dictionary" owner="BuiltIn">
<msg time="2024-11-02T00:02:17.238272" level="INFO">${headers} = {'accept': 'application/json', 'Content-Type': 'application/json', 'Authorization': 'eyJhbGciOiJIUzI1NiIsInR5cCI6IkpXVCJ9.eyJfaWQiOiI2NmRiNWQ4NDFkZjU1NDE1MGU2ZDY0YmQiLCJmdWxsTmFtZSI6IlFhLUNvZGVycy1TWV...</msg>
<var>${headers}</var>
<arg>accept=application/json</arg>
<arg>Content-Type=application/json</arg>
<arg>Authorization=${TOKEN}</arg>
<doc>Creates and returns a dictionary based on the given ``items``.</doc>
<status status="PASS" start="2024-11-02T00:02:17.238272" elapsed="0.000000"/>
</kw>
<kw name="Create List" owner="BuiltIn">
<msg time="2024-11-02T00:02:17.238272" level="INFO">${address} = []</msg>
<var>${address}</var>
<doc>Returns a list containing given items.</doc>
<status status="PASS" start="2024-11-02T00:02:17.238272" elapsed="0.000000"/>
</kw>
<kw name="Create Dictionary" owner="BuiltIn">
<msg time="2024-11-02T00:02:17.238272" level="INFO">${address_dict} = {'zipCode': '04777001', 'city': 'São Paulo', 'state': 'SP', 'district': 'Rua das Flores', 'street': 'null', 'number': '5066666666', 'complement': 'de 4503 ao fim - lado ímpar', 'country': 'Brasil'}</msg>
<var>${address_dict}</var>
<arg>zipCode=${zipCode}</arg>
<arg>city=${city}</arg>
<arg>state=${state}</arg>
<arg>district=${district}</arg>
<arg>street=${street}</arg>
<arg>number=${number}</arg>
<arg>complement=${complement}</arg>
<arg>country=${country}</arg>
<doc>Creates and returns a dictionary based on the given ``items``.</doc>
<status status="PASS" start="2024-11-02T00:02:17.238272" elapsed="0.000000"/>
</kw>
<kw name="Append To List" owner="Collections">
<arg>${address}</arg>
<arg>${address_dict}</arg>
<doc>Adds ``values`` to the end of ``list``.</doc>
<status status="PASS" start="2024-11-02T00:02:17.238272" elapsed="0.015622"/>
</kw>
<kw name="Create Dictionary" owner="BuiltIn">
<msg time="2024-11-02T00:02:17.253894" level="INFO">${body} = {'address': [{'zipCode': '04777001', 'city': 'São Paulo', 'state': 'SP', 'district': 'Rua das Flores', 'street': 'null', 'number': '5066666666', 'complement': 'de 4503 ao fim - lado ímpar', 'country':...</msg>
<var>${body}</var>
<arg>address=${address}</arg>
<doc>Creates and returns a dictionary based on the given ``items``.</doc>
<status status="PASS" start="2024-11-02T00:02:17.253894" elapsed="0.000000"/>
</kw>
<kw name="Put Request" owner="RequestsLibrary">
<msg time="2024-11-02T00:02:17.253894" level="WARN">Keyword 'RequestsLibrary.Put Request' is deprecated. Please use `PUT On Session` instead.</msg>
<msg time="2024-11-02T00:02:17.276892" level="INFO">PUT Request : url=https://ron-bugado.qacoders.dev.br/api/company/address/67099960eed30dc911c580a0 
 path_url=/api/company/address/67099960eed30dc911c580a0 
 headers={'User-Agent': 'python-requests/2.32.3', 'Accept-Encoding': 'gzip, deflate', 'accept': 'application/json', 'Connection': 'keep-alive', 'Content-Type': 'application/json', 'Authorization': 'eyJhbGciOiJIUzI1NiIsInR5cCI6IkpXVCJ9.eyJfaWQiOiI2NmRiNWQ4NDFkZjU1NDE1MGU2ZDY0YmQiLCJmdWxsTmFtZSI6IlFhLUNvZGVycy1TWVNBRE1JTiIsIm1haWwiOiJzeXNhZG1pbkBxYWNvZGVycy5jb20iLCJwYXNzd29yZCI6IiQyYiQxMCR1NGcwYm81OTlFa1E4RGZSeGw4bHlPTzhiaDZ5QnlyRlVhN2k5cDV0N2pycElFaUx6MzJMLiIsImFjY2Vzc1Byb2ZpbGUiOiJTWVNBRE1JTiIsImNwZiI6IjExMTExMTExMTExIiwic3RhdHVzIjp0cnVlLCJhdWRpdCI6W3sicmVnaXN0ZXJlZEJ5Ijp7InVzZXJJZCI6IjExMTExMTExMTExMTExMTExMSIsInVzZXJMb2dpbiI6InN5c2FkbWluQHFhY29kZXJzLmNvbSJ9LCJyZWdpc3RyYXRpb25EYXRlIjoic2V4dGEtZmVpcmEsIDA2LzA5LzIwMjQsIDE2OjUyOjM2IEJSVCIsInJlZ2lzdHJhdGlvbk51bWJlciI6IjAxIiwiY29tcGFueUlkIjoiUWEuQ29kZXJzIiwiX2lkIjoiNjZkYjVkODQxZGY1NTQxNTBlNmQ2NGJlIn1dLCJfX3YiOjAsImlhdCI6MTczMDUxNjUyNywiZXhwIjoxNzMwNjAyOTI3fQ.K_QBE13sQB28HKVMVFzN99-QUBR_vfpdImQhBGQFDOg', 'Content-Length': '222'} 
 body=b'{"address": [{"zipCode": "04777001", "city": "S\\u00e3o Paulo", "state": "SP", "district": "Rua das Flores", "street": "null", "number": "5066666666", "complement": "de 4503 ao fim - lado \\u00edmpar", "country": "Brasil"}]}' 
 </msg>
<msg time="2024-11-02T00:02:17.276892" level="INFO">PUT Response : url=https://ron-bugado.qacoders.dev.br/api/company/address/67099960eed30dc911c580a0 
 status=201, reason=Created 
 headers={'Server': 'nginx/1.18.0 (Ubuntu)', 'Date': 'Sat, 02 Nov 2024 03:02:07 GMT', 'Content-Type': 'application/json; charset=utf-8', 'Content-Length': '767', 'Connection': 'keep-alive', 'X-Powered-By': 'Express', 'Access-Control-Allow-Origin': '*', 'Access-Control-Allow-Methods': 'GET, POST, OPTIONS, PUT, PATCH, DELETE', 'Access-Control-Allow-Headers': 'Origin, X-Requested-With, Content-Type, Accept, Authorization', 'ETag': 'W/"2ff-9B/xImXpjkAC2hdg+fmnuVCT5Ik"'} 
 body={"msg":"Endereço da companhia atualizado com sucesso.","updateCompany":{"_id":"67099960eed30dc911c580a0","corporateName":"EMPRESA 1d4ieakgy9 LTDA","registerCompany":"57549023071719","responsibleContact":"Marcio","mail":"test@test.com","telephone":"99999999999999","serviceDescription":"Testes","matriz":"6x1qeiy5u2psrg","status":true,"address":[{"country":"Brasil","zipCode":"04777001","city":"São Paulo","state":"SP","district":"Rua das Flores","street":"null","number":"5066666666","complement":"de 4503 ao fim - lado ímpar","_id":"6725962f360709eca23d4864"}],"audit":[{"registeredBy":{"userId":"66db5d841df554150e6d64bd","userLogin":"sysadmin@qacoders.com"},"registrationDate":"sexta-feira, 11/10/2024, 18:32:16 BRT","_id":"67099960eed30dc911c580a2"}],"__v":0}} 
 </msg>
<msg time="2024-11-02T00:02:17.287086" level="INFO">${response} = &lt;Response [201]&gt;</msg>
<var>${response}</var>
<arg>NewSession</arg>
<arg>/api/company/address/67099960eed30dc911c580a0</arg>
<arg>json=${body}</arg>
<arg>headers=${headers}</arg>
<doc>*DEPRECATED* Please use `PUT On Session` instead.</doc>
<status status="PASS" start="2024-11-02T00:02:17.253894" elapsed="0.033192"/>
</kw>
<kw name="Log" owner="BuiltIn">
<msg time="2024-11-02T00:02:17.288092" level="INFO">{'msg': 'Endereço da companhia atualizado com sucesso.', 'updateCompany': {'_id': '67099960eed30dc911c580a0', 'corporateName': 'EMPRESA 1d4ieakgy9 LTDA', 'registerCompany': '57549023071719', 'responsibleContact': 'Marcio', 'mail': 'test@test.com', 'telephone': '99999999999999', 'serviceDescription': 'Testes', 'matriz': '6x1qeiy5u2psrg', 'status': True, 'address': [{'country': 'Brasil', 'zipCode': '04777001', 'city': 'São Paulo', 'state': 'SP', 'district': 'Rua das Flores', 'street': 'null', 'number': '5066666666', 'complement': 'de 4503 ao fim - lado ímpar', '_id': '6725962f360709eca23d4864'}], 'audit': [{'registeredBy': {'userId': '66db5d841df554150e6d64bd', 'userLogin': 'sysadmin@qacoders.com'}, 'registrationDate': 'sexta-feira, 11/10/2024, 18:32:16 BRT', '_id': '67099960eed30dc911c580a2'}], '__v': 0}}</msg>
<arg>${response.json()}</arg>
<doc>Logs the given message with the given level.</doc>
<status status="PASS" start="2024-11-02T00:02:17.287086" elapsed="0.001006"/>
</kw>
<kw name="Should Be Equal As Numbers" owner="BuiltIn">
<msg time="2024-11-02T00:02:17.288780" level="INFO">Argument types are:
&lt;class 'int'&gt;
&lt;class 'str'&gt;</msg>
<arg>${response.status_code}</arg>
<arg>201</arg>
<doc>Fails if objects are unequal after converting them to real numbers.</doc>
<status status="PASS" start="2024-11-02T00:02:17.288092" elapsed="0.000688"/>
</kw>
<arg>04777001</arg>
<arg>São Paulo</arg>
<arg>SP</arg>
<arg>Rua das Flores</arg>
<arg>null</arg>
<arg>5066666666</arg>
<arg>de 4503 ao fim - lado ímpar</arg>
<arg>Brasil</arg>
<status status="PASS" start="2024-11-02T00:02:17.134769" elapsed="0.154011"/>
</kw>
<status status="PASS" start="2024-11-02T00:02:17.133764" elapsed="0.155016"/>
</test>
<test id="s1-t5" name="[CT05] Editar campo com LOGRADOURO (street) contendo caracteres válidos (Letras e Números)" line="54">
<kw name="Editar Endereco Empresa" owner="company_keywords">
<kw name="Login E Armazenar Token" owner="company_keywords">
<kw name="Create Session" owner="RequestsLibrary">
<msg time="2024-11-02T00:02:17.288780" level="INFO">Creating Session using : alias=NewSession, url=https://ron-bugado.qacoders.dev.br, headers={},                     cookies={}, auth=None, timeout=None, proxies=None, verify=True,                     debug=0 </msg>
<arg>NewSession</arg>
<arg>${baseURL}</arg>
<arg>verify=true</arg>
<doc>Create Session: create a HTTP session to a server</doc>
<status status="PASS" start="2024-11-02T00:02:17.288780" elapsed="0.000000"/>
</kw>
<kw name="Create Dictionary" owner="BuiltIn">
<msg time="2024-11-02T00:02:17.288780" level="INFO">${headers} = {'accept': 'application/json', 'Content-Type': 'application/json'}</msg>
<var>${headers}</var>
<arg>accept=application/json</arg>
<arg>Content-Type=application/json</arg>
<doc>Creates and returns a dictionary based on the given ``items``.</doc>
<status status="PASS" start="2024-11-02T00:02:17.288780" elapsed="0.000000"/>
</kw>
<kw name="Create Dictionary" owner="BuiltIn">
<msg time="2024-11-02T00:02:17.288780" level="INFO">${body} = {'mail': 'sysadmin@qacoders.com', 'password': '1234@Test'}</msg>
<var>${body}</var>
<arg>mail=sysadmin@qacoders.com</arg>
<arg>password=1234@Test</arg>
<doc>Creates and returns a dictionary based on the given ``items``.</doc>
<status status="PASS" start="2024-11-02T00:02:17.288780" elapsed="0.000000"/>
</kw>
<kw name="Post Request" owner="RequestsLibrary">
<msg time="2024-11-02T00:02:17.288780" level="WARN">Keyword 'RequestsLibrary.Post Request' is deprecated. Please use `POST On Session` instead.</msg>
<msg time="2024-11-02T00:02:17.403125" level="INFO">POST Request : url=https://ron-bugado.qacoders.dev.br/api/login 
 path_url=/api/login 
 headers={'User-Agent': 'python-requests/2.32.3', 'Accept-Encoding': 'gzip, deflate', 'accept': 'application/json', 'Connection': 'keep-alive', 'Content-Type': 'application/json', 'Content-Length': '58'} 
 body=b'{"mail": "sysadmin@qacoders.com", "password": "1234@Test"}' 
 </msg>
<msg time="2024-11-02T00:02:17.403125" level="INFO">POST Response : url=https://ron-bugado.qacoders.dev.br/api/login 
 status=200, reason=OK 
 headers={'Server': 'nginx/1.18.0 (Ubuntu)', 'Date': 'Sat, 02 Nov 2024 03:02:07 GMT', 'Content-Type': 'application/json; charset=utf-8', 'Transfer-Encoding': 'chunked', 'Connection': 'keep-alive', 'X-Powered-By': 'Express', 'Access-Control-Allow-Origin': '*', 'Access-Control-Allow-Methods': 'GET, POST, OPTIONS, PUT, PATCH, DELETE', 'Access-Control-Allow-Headers': 'Origin, X-Requested-With, Content-Type, Accept, Authorization', 'ETag': 'W/"534-yt8yTuCk01M4wR51SO04hhi1Q3A"', 'Content-Encoding': 'gzip'} 
 body={"msg":"Olá Qa-Coders-SYSADMIN, autenticação autorizada com sucesso!","user":{"_id":"66db5d841df554150e6d64bd","fullName":"Qa-Coders-SYSADMIN","mail":"sysadmin@qacoders.com","password":"$2b$10$u4g0bo599EkQ8DfRxl8lyOO8bh6yByrFUa7i9p5t7jrpIEiLz32L.","accessProfile":"SYSADMIN","cpf":"11111111111","status":true,"audit":[{"registeredBy":{"userId":"111111111111111111","userLogin":"sysadmin@qacoders.com"},"registrationDate":"sexta-feira, 06/09/2024, 16:52:36 BRT","registrationNumber":"01","companyId":"Qa.Coders","_id":"66db5d841df554150e6d64be"}],"__v":0},"token":"eyJhbGciOiJIUzI1NiIsInR5cCI6IkpXVCJ9.eyJfaWQiOiI2NmRiNWQ4NDFkZjU1NDE1MGU2ZDY0YmQiLCJmdWxsTmFtZSI6IlFhLUNvZGVycy1TWVNBRE1JTiIsIm1haWwiOiJzeXNhZG1pbkBxYWNvZGVycy5jb20iLCJwYXNzd29yZCI6IiQyYiQxMCR1NGcwYm81OTlFa1E4RGZSeGw4bHlPTzhiaDZ5QnlyRlVhN2k5cDV0N2pycElFaUx6MzJMLiIsImFjY2Vzc1Byb2ZpbGUiOiJTWVNBRE1JTiIsImNwZiI6IjExMTExMTExMTExIiwic3RhdHVzIjp0cnVlLCJhdWRpdCI6W3sicmVnaXN0ZXJlZEJ5Ijp7InVzZXJJZCI6IjExMTExMTExMTExMTExMTExMSIsInVzZXJMb2dpbiI6InN5c2FkbWluQHFhY29kZXJzLmNvbSJ9LCJyZWdpc3RyYXRpb25EYXRlIjoic2V4dGEtZmVpcmEsIDA2LzA5LzIwMjQsIDE2OjUyOjM2IEJSVCIsInJlZ2lzdHJhdGlvbk51bWJlciI6IjAxIiwiY29tcGFueUlkIjoiUWEuQ29kZXJzIiwiX2lkIjoiNjZkYjVkODQxZGY1NTQxNTBlNmQ2NGJlIn1dLCJfX3YiOjAsImlhdCI6MTczMDUxNjUyNywiZXhwIjoxNzMwNjAyOTI3fQ.K_QBE13sQB28HKVMVFzN99-QUBR_vfpdImQhBGQFDOg"} 
 </msg>
<msg time="2024-11-02T00:02:17.403125" level="INFO">${response} = &lt;Response [200]&gt;</msg>
<var>${response}</var>
<arg>NewSession</arg>
<arg>/api/login</arg>
<arg>json=${body}</arg>
<arg>headers=${headers}</arg>
<doc>*DEPRECATED* Please use `POST On Session` instead.</doc>
<status status="PASS" start="2024-11-02T00:02:17.288780" elapsed="0.114345"/>
</kw>
<kw name="Log" owner="BuiltIn">
<msg time="2024-11-02T00:02:17.403125" level="INFO">{'msg': 'Olá Qa-Coders-SYSADMIN, autenticação autorizada com sucesso!', 'user': {'_id': '66db5d841df554150e6d64bd', 'fullName': 'Qa-Coders-SYSADMIN', 'mail': 'sysadmin@qacoders.com', 'password': '$2b$10$u4g0bo599EkQ8DfRxl8lyOO8bh6yByrFUa7i9p5t7jrpIEiLz32L.', 'accessProfile': 'SYSADMIN', 'cpf': '11111111111', 'status': True, 'audit': [{'registeredBy': {'userId': '111111111111111111', 'userLogin': 'sysadmin@qacoders.com'}, 'registrationDate': 'sexta-feira, 06/09/2024, 16:52:36 BRT', 'registrationNumber': '01', 'companyId': 'Qa.Coders', '_id': '66db5d841df554150e6d64be'}], '__v': 0}, 'token': 'eyJhbGciOiJIUzI1NiIsInR5cCI6IkpXVCJ9.eyJfaWQiOiI2NmRiNWQ4NDFkZjU1NDE1MGU2ZDY0YmQiLCJmdWxsTmFtZSI6IlFhLUNvZGVycy1TWVNBRE1JTiIsIm1haWwiOiJzeXNhZG1pbkBxYWNvZGVycy5jb20iLCJwYXNzd29yZCI6IiQyYiQxMCR1NGcwYm81OTlFa1E4RGZSeGw4bHlPTzhiaDZ5QnlyRlVhN2k5cDV0N2pycElFaUx6MzJMLiIsImFjY2Vzc1Byb2ZpbGUiOiJTWVNBRE1JTiIsImNwZiI6IjExMTExMTExMTExIiwic3RhdHVzIjp0cnVlLCJhdWRpdCI6W3sicmVnaXN0ZXJlZEJ5Ijp7InVzZXJJZCI6IjExMTExMTExMTExMTExMTExMSIsInVzZXJMb2dpbiI6InN5c2FkbWluQHFhY29kZXJzLmNvbSJ9LCJyZWdpc3RyYXRpb25EYXRlIjoic2V4dGEtZmVpcmEsIDA2LzA5LzIwMjQsIDE2OjUyOjM2IEJSVCIsInJlZ2lzdHJhdGlvbk51bWJlciI6IjAxIiwiY29tcGFueUlkIjoiUWEuQ29kZXJzIiwiX2lkIjoiNjZkYjVkODQxZGY1NTQxNTBlNmQ2NGJlIn1dLCJfX3YiOjAsImlhdCI6MTczMDUxNjUyNywiZXhwIjoxNzMwNjAyOTI3fQ.K_QBE13sQB28HKVMVFzN99-QUBR_vfpdImQhBGQFDOg'}</msg>
<arg>${response.json()}</arg>
<doc>Logs the given message with the given level.</doc>
<status status="PASS" start="2024-11-02T00:02:17.403125" elapsed="0.000000"/>
</kw>
<kw name="Should Be Equal As Numbers" owner="BuiltIn">
<msg time="2024-11-02T00:02:17.403125" level="INFO">Argument types are:
&lt;class 'int'&gt;
&lt;class 'str'&gt;</msg>
<arg>${response.status_code}</arg>
<arg>200</arg>
<doc>Fails if objects are unequal after converting them to real numbers.</doc>
<status status="PASS" start="2024-11-02T00:02:17.403125" elapsed="0.000000"/>
</kw>
<kw name="Set Global Variable" owner="BuiltIn">
<msg time="2024-11-02T00:02:17.403125" level="INFO">${TOKEN} = eyJhbGciOiJIUzI1NiIsInR5cCI6IkpXVCJ9.eyJfaWQiOiI2NmRiNWQ4NDFkZjU1NDE1MGU2ZDY0YmQiLCJmdWxsTmFtZSI6IlFhLUNvZGVycy1TWVNBRE1JTiIsIm1haWwiOiJzeXNhZG1pbkBxYWNvZGVycy5jb20iLCJwYXNzd29yZCI6IiQyYiQxMCR1NGcwYm8...</msg>
<arg>${TOKEN}</arg>
<arg>${response.json()['token']}</arg>
<doc>Makes a variable available globally in all tests and suites.</doc>
<status status="PASS" start="2024-11-02T00:02:17.403125" elapsed="0.000000"/>
</kw>
<kw name="Log" owner="BuiltIn">
<msg time="2024-11-02T00:02:17.403125" level="INFO">eyJhbGciOiJIUzI1NiIsInR5cCI6IkpXVCJ9.eyJfaWQiOiI2NmRiNWQ4NDFkZjU1NDE1MGU2ZDY0YmQiLCJmdWxsTmFtZSI6IlFhLUNvZGVycy1TWVNBRE1JTiIsIm1haWwiOiJzeXNhZG1pbkBxYWNvZGVycy5jb20iLCJwYXNzd29yZCI6IiQyYiQxMCR1NGcwYm81OTlFa1E4RGZSeGw4bHlPTzhiaDZ5QnlyRlVhN2k5cDV0N2pycElFaUx6MzJMLiIsImFjY2Vzc1Byb2ZpbGUiOiJTWVNBRE1JTiIsImNwZiI6IjExMTExMTExMTExIiwic3RhdHVzIjp0cnVlLCJhdWRpdCI6W3sicmVnaXN0ZXJlZEJ5Ijp7InVzZXJJZCI6IjExMTExMTExMTExMTExMTExMSIsInVzZXJMb2dpbiI6InN5c2FkbWluQHFhY29kZXJzLmNvbSJ9LCJyZWdpc3RyYXRpb25EYXRlIjoic2V4dGEtZmVpcmEsIDA2LzA5LzIwMjQsIDE2OjUyOjM2IEJSVCIsInJlZ2lzdHJhdGlvbk51bWJlciI6IjAxIiwiY29tcGFueUlkIjoiUWEuQ29kZXJzIiwiX2lkIjoiNjZkYjVkODQxZGY1NTQxNTBlNmQ2NGJlIn1dLCJfX3YiOjAsImlhdCI6MTczMDUxNjUyNywiZXhwIjoxNzMwNjAyOTI3fQ.K_QBE13sQB28HKVMVFzN99-QUBR_vfpdImQhBGQFDOg</msg>
<arg>${TOKEN}</arg>
<doc>Logs the given message with the given level.</doc>
<status status="PASS" start="2024-11-02T00:02:17.403125" elapsed="0.000000"/>
</kw>
<status status="PASS" start="2024-11-02T00:02:17.288780" elapsed="0.114345"/>
</kw>
<kw name="Create Session" owner="RequestsLibrary">
<msg time="2024-11-02T00:02:17.403125" level="INFO">Creating Session using : alias=NewSession, url=https://ron-bugado.qacoders.dev.br, headers={},                     cookies={}, auth=None, timeout=None, proxies=None, verify=True,                     debug=0 </msg>
<arg>NewSession</arg>
<arg>${baseURL}</arg>
<arg>verify=true</arg>
<doc>Create Session: create a HTTP session to a server</doc>
<status status="PASS" start="2024-11-02T00:02:17.403125" elapsed="0.000000"/>
</kw>
<kw name="Create Dictionary" owner="BuiltIn">
<msg time="2024-11-02T00:02:17.403125" level="INFO">${headers} = {'accept': 'application/json', 'Content-Type': 'application/json', 'Authorization': 'eyJhbGciOiJIUzI1NiIsInR5cCI6IkpXVCJ9.eyJfaWQiOiI2NmRiNWQ4NDFkZjU1NDE1MGU2ZDY0YmQiLCJmdWxsTmFtZSI6IlFhLUNvZGVycy1TWV...</msg>
<var>${headers}</var>
<arg>accept=application/json</arg>
<arg>Content-Type=application/json</arg>
<arg>Authorization=${TOKEN}</arg>
<doc>Creates and returns a dictionary based on the given ``items``.</doc>
<status status="PASS" start="2024-11-02T00:02:17.403125" elapsed="0.000000"/>
</kw>
<kw name="Create List" owner="BuiltIn">
<msg time="2024-11-02T00:02:17.403125" level="INFO">${address} = []</msg>
<var>${address}</var>
<doc>Returns a list containing given items.</doc>
<status status="PASS" start="2024-11-02T00:02:17.403125" elapsed="0.000000"/>
</kw>
<kw name="Create Dictionary" owner="BuiltIn">
<msg time="2024-11-02T00:02:17.403125" level="INFO">${address_dict} = {'zipCode': '04777001', 'city': 'São Paulo', 'state': 'SP', 'district': 'Rua das Flores', 'street': 'Avenida Test123', 'number': '5066666666', 'complement': 'de 4503 ao fim - lado ímpar', 'country': '...</msg>
<var>${address_dict}</var>
<arg>zipCode=${zipCode}</arg>
<arg>city=${city}</arg>
<arg>state=${state}</arg>
<arg>district=${district}</arg>
<arg>street=${street}</arg>
<arg>number=${number}</arg>
<arg>complement=${complement}</arg>
<arg>country=${country}</arg>
<doc>Creates and returns a dictionary based on the given ``items``.</doc>
<status status="PASS" start="2024-11-02T00:02:17.403125" elapsed="0.000000"/>
</kw>
<kw name="Append To List" owner="Collections">
<arg>${address}</arg>
<arg>${address_dict}</arg>
<doc>Adds ``values`` to the end of ``list``.</doc>
<status status="PASS" start="2024-11-02T00:02:17.403125" elapsed="0.000000"/>
</kw>
<kw name="Create Dictionary" owner="BuiltIn">
<msg time="2024-11-02T00:02:17.403125" level="INFO">${body} = {'address': [{'zipCode': '04777001', 'city': 'São Paulo', 'state': 'SP', 'district': 'Rua das Flores', 'street': 'Avenida Test123', 'number': '5066666666', 'complement': 'de 4503 ao fim - lado ímpar',...</msg>
<var>${body}</var>
<arg>address=${address}</arg>
<doc>Creates and returns a dictionary based on the given ``items``.</doc>
<status status="PASS" start="2024-11-02T00:02:17.403125" elapsed="0.000000"/>
</kw>
<kw name="Put Request" owner="RequestsLibrary">
<msg time="2024-11-02T00:02:17.403125" level="WARN">Keyword 'RequestsLibrary.Put Request' is deprecated. Please use `PUT On Session` instead.</msg>
<msg time="2024-11-02T00:02:17.454765" level="INFO">PUT Request : url=https://ron-bugado.qacoders.dev.br/api/company/address/67099960eed30dc911c580a0 
 path_url=/api/company/address/67099960eed30dc911c580a0 
 headers={'User-Agent': 'python-requests/2.32.3', 'Accept-Encoding': 'gzip, deflate', 'accept': 'application/json', 'Connection': 'keep-alive', 'Content-Type': 'application/json', 'Authorization': 'eyJhbGciOiJIUzI1NiIsInR5cCI6IkpXVCJ9.eyJfaWQiOiI2NmRiNWQ4NDFkZjU1NDE1MGU2ZDY0YmQiLCJmdWxsTmFtZSI6IlFhLUNvZGVycy1TWVNBRE1JTiIsIm1haWwiOiJzeXNhZG1pbkBxYWNvZGVycy5jb20iLCJwYXNzd29yZCI6IiQyYiQxMCR1NGcwYm81OTlFa1E4RGZSeGw4bHlPTzhiaDZ5QnlyRlVhN2k5cDV0N2pycElFaUx6MzJMLiIsImFjY2Vzc1Byb2ZpbGUiOiJTWVNBRE1JTiIsImNwZiI6IjExMTExMTExMTExIiwic3RhdHVzIjp0cnVlLCJhdWRpdCI6W3sicmVnaXN0ZXJlZEJ5Ijp7InVzZXJJZCI6IjExMTExMTExMTExMTExMTExMSIsInVzZXJMb2dpbiI6InN5c2FkbWluQHFhY29kZXJzLmNvbSJ9LCJyZWdpc3RyYXRpb25EYXRlIjoic2V4dGEtZmVpcmEsIDA2LzA5LzIwMjQsIDE2OjUyOjM2IEJSVCIsInJlZ2lzdHJhdGlvbk51bWJlciI6IjAxIiwiY29tcGFueUlkIjoiUWEuQ29kZXJzIiwiX2lkIjoiNjZkYjVkODQxZGY1NTQxNTBlNmQ2NGJlIn1dLCJfX3YiOjAsImlhdCI6MTczMDUxNjUyNywiZXhwIjoxNzMwNjAyOTI3fQ.K_QBE13sQB28HKVMVFzN99-QUBR_vfpdImQhBGQFDOg', 'Content-Length': '233'} 
 body=b'{"address": [{"zipCode": "04777001", "city": "S\\u00e3o Paulo", "state": "SP", "district": "Rua das Flores", "street": "Avenida Test123", "number": "5066666666", "complement": "de 4503 ao fim - lado \\u00edmpar", "country": "Brasil"}]}' 
 </msg>
<msg time="2024-11-02T00:02:17.454765" level="INFO">PUT Response : url=https://ron-bugado.qacoders.dev.br/api/company/address/67099960eed30dc911c580a0 
 status=201, reason=Created 
 headers={'Server': 'nginx/1.18.0 (Ubuntu)', 'Date': 'Sat, 02 Nov 2024 03:02:07 GMT', 'Content-Type': 'application/json; charset=utf-8', 'Content-Length': '778', 'Connection': 'keep-alive', 'X-Powered-By': 'Express', 'Access-Control-Allow-Origin': '*', 'Access-Control-Allow-Methods': 'GET, POST, OPTIONS, PUT, PATCH, DELETE', 'Access-Control-Allow-Headers': 'Origin, X-Requested-With, Content-Type, Accept, Authorization', 'ETag': 'W/"30a-X36jqOHOW5QZxvDHnHLts6bPk1Y"'} 
 body={"msg":"Endereço da companhia atualizado com sucesso.","updateCompany":{"_id":"67099960eed30dc911c580a0","corporateName":"EMPRESA 1d4ieakgy9 LTDA","registerCompany":"57549023071719","responsibleContact":"Marcio","mail":"test@test.com","telephone":"99999999999999","serviceDescription":"Testes","matriz":"6x1qeiy5u2psrg","status":true,"address":[{"country":"Brasil","zipCode":"04777001","city":"São Paulo","state":"SP","district":"Rua das Flores","street":"Avenida Test123","number":"5066666666","complement":"de 4503 ao fim - lado ímpar","_id":"6725962f360709eca23d4870"}],"audit":[{"registeredBy":{"userId":"66db5d841df554150e6d64bd","userLogin":"sysadmin@qacoders.com"},"registrationDate":"sexta-feira, 11/10/2024, 18:32:16 BRT","_id":"67099960eed30dc911c580a2"}],"__v":0}} 
 </msg>
<msg time="2024-11-02T00:02:17.454765" level="INFO">${response} = &lt;Response [201]&gt;</msg>
<var>${response}</var>
<arg>NewSession</arg>
<arg>/api/company/address/67099960eed30dc911c580a0</arg>
<arg>json=${body}</arg>
<arg>headers=${headers}</arg>
<doc>*DEPRECATED* Please use `PUT On Session` instead.</doc>
<status status="PASS" start="2024-11-02T00:02:17.403125" elapsed="0.051640"/>
</kw>
<kw name="Log" owner="BuiltIn">
[...]
 body={"error":["O campo 'CEP' deve conter 8 dígitos"]} 
 </msg>
<msg time="2024-11-02T00:02:25.781801" level="INFO">${response} = &lt;Response [400]&gt;</msg>
<var>${response}</var>
<arg>NewSession</arg>
<arg>/api/company/address/67099960eed30dc911c580a0</arg>
<arg>json=${body}</arg>
<arg>headers=${headers}</arg>
<doc>*DEPRECATED* Please use `PUT On Session` instead.</doc>
<status status="PASS" start="2024-11-02T00:02:25.703176" elapsed="0.078625"/>
</kw>
<kw name="Log" owner="BuiltIn">
<msg time="2024-11-02T00:02:25.782795" level="INFO">{'error': ["O campo 'CEP' deve conter 8 dígitos"]}</msg>
<arg>${response.json()}</arg>
<doc>Logs the given message with the given level.</doc>
<status status="PASS" start="2024-11-02T00:02:25.781801" elapsed="0.001990"/>
</kw>
<kw name="Should Be Equal As Numbers" owner="BuiltIn">
<msg time="2024-11-02T00:02:25.784786" level="INFO">Argument types are:
&lt;class 'int'&gt;
&lt;class 'str'&gt;</msg>
<msg time="2024-11-02T00:02:25.784786" level="FAIL">400.0 != 201.0</msg>
<arg>${response.status_code}</arg>
<arg>201</arg>
<doc>Fails if objects are unequal after converting them to real numbers.</doc>
<status status="FAIL" start="2024-11-02T00:02:25.783791" elapsed="0.000995">400.0 != 201.0</status>
</kw>
<arg>!@#$%&amp;*</arg>
<arg>São Paulo</arg>
<arg>SP</arg>
<arg>Rua das Flores</arg>
<arg>Avenida Interlagos</arg>
<arg>5066666666</arg>
<arg>de 4503 ao fim - lado ímpar</arg>
<arg>Brasil</arg>
<status status="FAIL" start="2024-11-02T00:02:25.586064" elapsed="0.198722">400.0 != 201.0</status>
</kw>
<status status="FAIL" start="2024-11-02T00:02:25.572017" elapsed="0.213766">400.0 != 201.0</status>
</test>
<doc>Tests Cases para validar a PBI de "Editar Endereço de Empresa": feature de "Company".</doc>
<status status="FAIL" start="2024-11-02T00:02:15.585293" elapsed="10.202240"/>
</suite>
<statistics>
<total>
<stat pass="27" fail="30" skip="0">All Tests</stat>
</total>
<tag>
</tag>
<suite>
<stat pass="27" fail="30" skip="0" id="s1" name="company EditarEndereco">company EditarEndereco</stat>
</suite>
</statistics>
<errors>
<msg time="2024-11-02T00:02:16.528717" level="WARN">Error in file 'C:\Users\João Luz\Desktop\documentos\automacoes-QA\study\Qa.Coders_Academy\RobotTestsAPI\resources\randomicos_keywords.robot' on line 11: The '[Return]' setting is deprecated. Use the 'RETURN' statement instead.</msg>
<msg time="2024-11-02T00:02:16.528717" level="WARN">Error in file 'C:\Users\João Luz\Desktop\documentos\automacoes-QA\study\Qa.Coders_Academy\RobotTestsAPI\resources\randomicos_keywords.robot' on line 15: The '[Return]' setting is deprecated. Use the 'RETURN' statement instead.</msg>
<msg time="2024-11-02T00:02:16.528717" level="WARN">Error in file 'C:\Users\João Luz\Desktop\documentos\automacoes-QA\study\Qa.Coders_Academy\RobotTestsAPI\resources\randomicos_keywords.robot' on line 19: The '[Return]' setting is deprecated. Use the 'RETURN' statement instead.</msg>
<msg time="2024-11-02T00:02:16.544345" level="WARN">Keyword 'RequestsLibrary.Post Request' is deprecated. Please use `POST On Session` instead.</msg>
<msg time="2024-11-02T00:02:16.717173" level="WARN">Keyword 'RequestsLibrary.Put Request' is deprecated. Please use `PUT On Session` instead.</msg>
<msg time="2024-11-02T00:02:16.771427" level="WARN">Keyword 'RequestsLibrary.Post Request' is deprecated. Please use `POST On Session` instead.</msg>
<msg time="2024-11-02T00:02:16.918050" level="WARN">Keyword 'RequestsLibrary.Put Request' is deprecated. Please use `PUT On Session` instead.</msg>
<msg time="2024-11-02T00:02:16.974456" level="WARN">Keyword 'RequestsLibrary.Post Request' is deprecated. Please use `POST On Session` instead.</msg>
<msg time="2024-11-02T00:02:17.088765" level="WARN">Keyword 'RequestsLibrary.Put Request' is deprecated. Please use `PUT On Session` instead.</msg>
<msg time="2024-11-02T00:02:17.137758" level="WARN">Keyword 'RequestsLibrary.Post Request' is deprecated. Please use `POST On Session` instead.</msg>
<msg time="2024-11-02T00:02:17.253894" level="WARN">Keyword 'RequestsLibrary.Put Request' is deprecated. Please use `PUT On Session` instead.</msg>
<msg time="2024-11-02T00:02:17.288780" level="WARN">Keyword 'RequestsLibrary.Post Request' is deprecated. Please use `POST On Session` instead.</msg>
<msg time="2024-11-02T00:02:17.403125" level="WARN">Keyword 'RequestsLibrary.Put Request' is deprecated. Please use `PUT On Session` instead.</msg>
<msg time="2024-11-02T00:02:17.454765" level="WARN">Keyword 'RequestsLibrary.Post Request' is deprecated. Please use `POST On Session` instead.</msg>
<msg time="2024-11-02T00:02:17.570934" level="WARN">Keyword 'RequestsLibrary.Put Request' is deprecated. Please use `PUT On Session` instead.</msg>
<msg time="2024-11-02T00:02:17.610330" level="WARN">Keyword 'RequestsLibrary.Post Request' is deprecated. Please use `POST On Session` instead.</msg>
<msg time="2024-11-02T00:02:17.736529" level="WARN">Keyword 'RequestsLibrary.Put Request' is deprecated. Please use `PUT On Session` instead.</msg>
<msg time="2024-11-02T00:02:17.775885" level="WARN">Keyword 'RequestsLibrary.Post Request' is deprecated. Please use `POST On Session` instead.</msg>
<msg time="2024-11-02T00:02:17.889998" level="WARN">Keyword 'RequestsLibrary.Put Request' is deprecated. Please use `PUT On Session` instead.</msg>
<msg time="2024-11-02T00:02:17.921748" level="WARN">Keyword 'RequestsLibrary.Post Request' is deprecated. Please use `POST On Session` instead.</msg>
<msg time="2024-11-02T00:02:18.052146" level="WARN">Keyword 'RequestsLibrary.Put Request' is deprecated. Please use `PUT On Session` instead.</msg>
<msg time="2024-11-02T00:02:18.096064" level="WARN">Keyword 'RequestsLibrary.Post Request' is deprecated. Please use `POST On Session` instead.</msg>
<msg time="2024-11-02T00:02:18.203979" level="WARN">Keyword 'RequestsLibrary.Put Request' is deprecated. Please use `PUT On Session` instead.</msg>
<msg time="2024-11-02T00:02:18.239379" level="WARN">Keyword 'RequestsLibrary.Post Request' is deprecated. Please use `POST On Session` instead.</msg>
<msg time="2024-11-02T00:02:18.353788" level="WARN">Keyword 'RequestsLibrary.Put Request' is deprecated. Please use `PUT On Session` instead.</msg>
<msg time="2024-11-02T00:02:18.405468" level="WARN">Keyword 'RequestsLibrary.Post Request' is deprecated. Please use `POST On Session` instead.</msg>
<msg time="2024-11-02T00:02:18.519839" level="WARN">Keyword 'RequestsLibrary.Put Request' is deprecated. Please use `PUT On Session` instead.</msg>
<msg time="2024-11-02T00:02:18.551518" level="WARN">Keyword 'RequestsLibrary.Post Request' is deprecated. Please use `POST On Session` instead.</msg>
<msg time="2024-11-02T00:02:18.679706" level="WARN">Keyword 'RequestsLibrary.Put Request' is deprecated. Please use `PUT On Session` instead.</msg>
<msg time="2024-11-02T00:02:18.725716" level="WARN">Keyword 'RequestsLibrary.Post Request' is deprecated. Please use `POST On Session` instead.</msg>
<msg time="2024-11-02T00:02:18.837553" level="WARN">Keyword 'RequestsLibrary.Put Request' is deprecated. Please use `PUT On Session` instead.</msg>
<msg time="2024-11-02T00:02:18.886897" level="WARN">Keyword 'RequestsLibrary.Post Request' is deprecated. Please use `POST On Session` instead.</msg>
<msg time="2024-11-02T00:02:19.003144" level="WARN">Keyword 'RequestsLibrary.Put Request' is deprecated. Please use `PUT On Session` instead.</msg>
<msg time="2024-11-02T00:02:19.043811" level="WARN">Keyword 'RequestsLibrary.Post Request' is deprecated. Please use `POST On Session` instead.</msg>
<msg time="2024-11-02T00:02:19.171184" level="WARN">Keyword 'RequestsLibrary.Put Request' is deprecated. Please use `PUT On Session` instead.</msg>
<msg time="2024-11-02T00:02:19.225249" level="WARN">Keyword 'RequestsLibrary.Post Request' is deprecated. Please use `POST On Session` instead.</msg>
<msg time="2024-11-02T00:02:19.337534" level="WARN">Keyword 'RequestsLibrary.Put Request' is deprecated. Please use `PUT On Session` instead.</msg>
<msg time="2024-11-02T00:02:19.374242" level="WARN">Keyword 'RequestsLibrary.Post Request' is deprecated. Please use `POST On Session` instead.</msg>
<msg time="2024-11-02T00:02:19.487399" level="WARN">Keyword 'RequestsLibrary.Put Request' is deprecated. Please use `PUT On Session` instead.</msg>
<msg time="2024-11-02T00:02:19.546084" level="WARN">Keyword 'RequestsLibrary.Post Request' is deprecated. Please use `POST On Session` instead.</msg>
<msg time="2024-11-02T00:02:19.654404" level="WARN">Keyword 'RequestsLibrary.Put Request' is deprecated. Please use `PUT On Session` instead.</msg>
<msg time="2024-11-02T00:02:19.708817" level="WARN">Keyword 'RequestsLibrary.Post Request' is deprecated. Please use `POST On Session` instead.</msg>
<msg time="2024-11-02T00:02:19.820417" level="WARN">Keyword 'RequestsLibrary.Put Request' is deprecated. Please use `PUT On Session` instead.</msg>
<msg time="2024-11-02T00:02:19.855328" level="WARN">Keyword 'RequestsLibrary.Post Request' is deprecated. Please use `POST On Session` instead.</msg>
<msg time="2024-11-02T00:02:19.985484" level="WARN">Keyword 'RequestsLibrary.Put Request' is deprecated. Please use `PUT On Session` instead.</msg>
<msg time="2024-11-02T00:02:20.024177" level="WARN">Keyword 'RequestsLibrary.Post Request' is deprecated. Please use `POST On Session` instead.</msg>
<msg time="2024-11-02T00:02:20.142560" level="WARN">Keyword 'RequestsLibrary.Put Request' is deprecated. Please use `PUT On Session` instead.</msg>
<msg time="2024-11-02T00:02:20.187906" level="WARN">Keyword 'RequestsLibrary.Post Request' is deprecated. Please use `POST On Session` instead.</msg>
<msg time="2024-11-02T00:02:20.304518" level="WARN">Keyword 'RequestsLibrary.Put Request' is deprecated. Please use `PUT On Session` instead.</msg>
<msg time="2024-11-02T00:02:20.338565" level="WARN">Keyword 'RequestsLibrary.Post Request' is deprecated. Please use `POST On Session` instead.</msg>
<msg time="2024-11-02T00:02:20.454086" level="WARN">Keyword 'RequestsLibrary.Put Request' is deprecated. Please use `PUT On Session` instead.</msg>
<msg time="2024-11-02T00:02:20.490812" level="WARN">Keyword 'RequestsLibrary.Post Request' is deprecated. Please use `POST On Session` instead.</msg>
<msg time="2024-11-02T00:02:20.611105" level="WARN">Keyword 'RequestsLibrary.Put Request' is deprecated. Please use `PUT On Session` instead.</msg>
<msg time="2024-11-02T00:02:20.660978" level="WARN">Keyword 'RequestsLibrary.Post Request' is deprecated. Please use `POST On Session` instead.</msg>
<msg time="2024-11-02T00:02:20.824307" level="WARN">Keyword 'RequestsLibrary.Put Request' is deprecated. Please use `PUT On Session` instead.</msg>
<msg time="2024-11-02T00:02:20.862951" level="WARN">Keyword 'RequestsLibrary.Post Request' is deprecated. Please use `POST On Session` instead.</msg>
<msg time="2024-11-02T00:02:20.976643" level="WARN">Keyword 'RequestsLibrary.Put Request' is deprecated. Please use `PUT On Session` instead.</msg>
<msg time="2024-11-02T00:02:21.026092" level="WARN">Keyword 'RequestsLibrary.Post Request' is deprecated. Please use `POST On Session` instead.</msg>
<msg time="2024-11-02T00:02:21.137125" level="WARN">Keyword 'RequestsLibrary.Put Request' is deprecated. Please use `PUT On Session` instead.</msg>
<msg time="2024-11-02T00:02:21.173361" level="WARN">Keyword 'RequestsLibrary.Post Request' is deprecated. Please use `POST On Session` instead.</msg>
<msg time="2024-11-02T00:02:21.287515" level="WARN">Keyword 'RequestsLibrary.Put Request' is deprecated. Please use `PUT On Session` instead.</msg>
<msg time="2024-11-02T00:02:21.342008" level="WARN">Keyword 'RequestsLibrary.Post Request' is deprecated. Please use `POST On Session` instead.</msg>
<msg time="2024-11-02T00:02:21.453883" level="WARN">Keyword 'RequestsLibrary.Put Request' is deprecated. Please use `PUT On Session` instead.</msg>
<msg time="2024-11-02T00:02:21.488799" level="WARN">Keyword 'RequestsLibrary.Post Request' is deprecated. Please use `POST On Session` instead.</msg>
<msg time="2024-11-02T00:02:21.602967" level="WARN">Keyword 'RequestsLibrary.Put Request' is deprecated. Please use `PUT On Session` instead.</msg>
<msg time="2024-11-02T00:02:21.638416" level="WARN">Keyword 'RequestsLibrary.Post Request' is deprecated. Please use `POST On Session` instead.</msg>
<msg time="2024-11-02T00:02:21.754249" level="WARN">Keyword 'RequestsLibrary.Put Request' is deprecated. Please use `PUT On Session` instead.</msg>
<msg time="2024-11-02T00:02:21.807212" level="WARN">Keyword 'RequestsLibrary.Post Request' is deprecated. Please use `POST On Session` instead.</msg>
<msg time="2024-11-02T00:02:21.920124" level="WARN">Keyword 'RequestsLibrary.Put Request' is deprecated. Please use `PUT On Session` instead.</msg>
<msg time="2024-11-02T00:02:21.972839" level="WARN">Keyword 'RequestsLibrary.Post Request' is deprecated. Please use `POST On Session` instead.</msg>
<msg time="2024-11-02T00:02:22.087455" level="WARN">Keyword 'RequestsLibrary.Put Request' is deprecated. Please use `PUT On Session` instead.</msg>
<msg time="2024-11-02T00:02:22.125550" level="WARN">Keyword 'RequestsLibrary.Post Request' is deprecated. Please use `POST On Session` instead.</msg>
<msg time="2024-11-02T00:02:22.236744" level="WARN">Keyword 'RequestsLibrary.Put Request' is deprecated. Please use `PUT On Session` instead.</msg>
<msg time="2024-11-02T00:02:22.286465" level="WARN">Keyword 'RequestsLibrary.Post Request' is deprecated. Please use `POST On Session` instead.</msg>
<msg time="2024-11-02T00:02:22.387334" level="WARN">Keyword 'RequestsLibrary.Put Request' is deprecated. Please use `PUT On Session` instead.</msg>
<msg time="2024-11-02T00:02:22.420202" level="WARN">Keyword 'RequestsLibrary.Post Request' is deprecated. Please use `POST On Session` instead.</msg>
<msg time="2024-11-02T00:02:22.552994" level="WARN">Keyword 'RequestsLibrary.Put Request' is deprecated. Please use `PUT On Session` instead.</msg>
<msg time="2024-11-02T00:02:22.590216" level="WARN">Keyword 'RequestsLibrary.Post Request' is deprecated. Please use `POST On Session` instead.</msg>
<msg time="2024-11-02T00:02:22.704258" level="WARN">Keyword 'RequestsLibrary.Put Request' is deprecated. Please use `PUT On Session` instead.</msg>
<msg time="2024-11-02T00:02:22.743049" level="WARN">Keyword 'RequestsLibrary.Post Request' is deprecated. Please use `POST On Session` instead.</msg>
<msg time="2024-11-02T00:02:22.853608" level="WARN">Keyword 'RequestsLibrary.Put Request' is deprecated. Please use `PUT On Session` instead.</msg>
<msg time="2024-11-02T00:02:22.887359" level="WARN">Keyword 'RequestsLibrary.Post Request' is deprecated. Please use `POST On Session` instead.</msg>
<msg time="2024-11-02T00:02:23.013321" level="WARN">Keyword 'RequestsLibrary.Put Request' is deprecated. Please use `PUT On Session` instead.</msg>
<msg time="2024-11-02T00:02:23.042621" level="WARN">Keyword 'RequestsLibrary.Post Request' is deprecated. Please use `POST On Session` instead.</msg>
<msg time="2024-11-02T00:02:23.168968" level="WARN">Keyword 'RequestsLibrary.Put Request' is deprecated. Please use `PUT On Session` instead.</msg>
<msg time="2024-11-02T00:02:23.211297" level="WARN">Keyword 'RequestsLibrary.Post Request' is deprecated. Please use `POST On Session` instead.</msg>
<msg time="2024-11-02T00:02:23.322246" level="WARN">Keyword 'RequestsLibrary.Put Request' is deprecated. Please use `PUT On Session` instead.</msg>
<msg time="2024-11-02T00:02:23.371591" level="WARN">Keyword 'RequestsLibrary.Post Request' is deprecated. Please use `POST On Session` instead.</msg>
<msg time="2024-11-02T00:02:23.489684" level="WARN">Keyword 'RequestsLibrary.Put Request' is deprecated. Please use `PUT On Session` instead.</msg>
<msg time="2024-11-02T00:02:23.524301" level="WARN">Keyword 'RequestsLibrary.Post Request' is deprecated. Please use `POST On Session` instead.</msg>
<msg time="2024-11-02T00:02:23.637501" level="WARN">Keyword 'RequestsLibrary.Put Request' is deprecated. Please use `PUT On Session` instead.</msg>
<msg time="2024-11-02T00:02:23.682190" level="WARN">Keyword 'RequestsLibrary.Post Request' is deprecated. Please use `POST On Session` instead.</msg>
<msg time="2024-11-02T00:02:23.786614" level="WARN">Keyword 'RequestsLibrary.Put Request' is deprecated. Please use `PUT On Session` instead.</msg>
<msg time="2024-11-02T00:02:23.837205" level="WARN">Keyword 'RequestsLibrary.Post Request' is deprecated. Please use `POST On Session` instead.</msg>
<msg time="2024-11-02T00:02:23.941625" level="WARN">Keyword 'RequestsLibrary.Put Request' is deprecated. Please use `PUT On Session` instead.</msg>
<msg time="2024-11-02T00:02:23.986211" level="WARN">Keyword 'RequestsLibrary.Post Request' is deprecated. Please use `POST On Session` instead.</msg>
<msg time="2024-11-02T00:02:24.102300" level="WARN">Keyword 'RequestsLibrary.Put Request' is deprecated. Please use `PUT On Session` instead.</msg>
<msg time="2024-11-02T00:02:24.139365" level="WARN">Keyword 'RequestsLibrary.Post Request' is deprecated. Please use `POST On Session` instead.</msg>
<msg time="2024-11-02T00:02:24.268761" level="WARN">Keyword 'RequestsLibrary.Put Request' is deprecated. Please use `PUT On Session` instead.</msg>
<msg time="2024-11-02T00:02:24.322070" level="WARN">Keyword 'RequestsLibrary.Post Request' is deprecated. Please use `POST On Session` instead.</msg>
<msg time="2024-11-02T00:02:24.435632" level="WARN">Keyword 'RequestsLibrary.Put Request' is deprecated. Please use `PUT On Session` instead.</msg>
<msg time="2024-11-02T00:02:24.489889" level="WARN">Keyword 'RequestsLibrary.Post Request' is deprecated. Please use `POST On Session` instead.</msg>
<msg time="2024-11-02T00:02:24.607549" level="WARN">Keyword 'RequestsLibrary.Put Request' is deprecated. Please use `PUT On Session` instead.</msg>
<msg time="2024-11-02T00:02:24.641015" level="WARN">Keyword 'RequestsLibrary.Post Request' is deprecated. Please use `POST On Session` instead.</msg>
<msg time="2024-11-02T00:02:24.760720" level="WARN">Keyword 'RequestsLibrary.Put Request' is deprecated. Please use `PUT On Session` instead.</msg>
<msg time="2024-11-02T00:02:24.807009" level="WARN">Keyword 'RequestsLibrary.Post Request' is deprecated. Please use `POST On Session` instead.</msg>
<msg time="2024-11-02T00:02:24.920280" level="WARN">Keyword 'RequestsLibrary.Put Request' is deprecated. Please use `PUT On Session` instead.</msg>
<msg time="2024-11-02T00:02:24.955764" level="WARN">Keyword 'RequestsLibrary.Post Request' is deprecated. Please use `POST On Session` instead.</msg>
<msg time="2024-11-02T00:02:25.071526" level="WARN">Keyword 'RequestsLibrary.Put Request' is deprecated. Please use `PUT On Session` instead.</msg>
<msg time="2024-11-02T00:02:25.125524" level="WARN">Keyword 'RequestsLibrary.Post Request' is deprecated. Please use `POST On Session` instead.</msg>
<msg time="2024-11-02T00:02:25.235601" level="WARN">Keyword 'RequestsLibrary.Put Request' is deprecated. Please use `PUT On Session` instead.</msg>
<msg time="2024-11-02T00:02:25.271531" level="WARN">Keyword 'RequestsLibrary.Post Request' is deprecated. Please use `POST On Session` instead.</msg>
<msg time="2024-11-02T00:02:25.387207" level="WARN">Keyword 'RequestsLibrary.Put Request' is deprecated. Please use `PUT On Session` instead.</msg>
<msg time="2024-11-02T00:02:25.425590" level="WARN">Keyword 'RequestsLibrary.Post Request' is deprecated. Please use `POST On Session` instead.</msg>
<msg time="2024-11-02T00:02:25.536488" level="WARN">Keyword 'RequestsLibrary.Put Request' is deprecated. Please use `PUT On Session` instead.</msg>
<msg time="2024-11-02T00:02:25.587066" level="WARN">Keyword 'RequestsLibrary.Post Request' is deprecated. Please use `POST On Session` instead.</msg>
<msg time="2024-11-02T00:02:25.703176" level="WARN">Keyword 'RequestsLibrary.Put Request' is deprecated. Please use `PUT On Session` instead.</msg>
</errors>
</robot>
